C:\Users\hasee\Anaconda3\python.exe D:/MyProjectsRepertory/PythonProject/KBQAPractice/src/transe/FB1G_TransE.py
5404768
2702384
unk count=698985
unk count=0
2017-09-27 14:51:30.431439: W c:\tf_jenkins\home\workspace\release-win\m\windows-gpu\py\35\tensorflow\core\platform\cpu_feature_guard.cc:45] The TensorFlow library wasn't compiled to use SSE instructions, but these are available on your machine and could speed up CPU computations.
2017-09-27 14:51:30.431784: W c:\tf_jenkins\home\workspace\release-win\m\windows-gpu\py\35\tensorflow\core\platform\cpu_feature_guard.cc:45] The TensorFlow library wasn't compiled to use SSE2 instructions, but these are available on your machine and could speed up CPU computations.
2017-09-27 14:51:30.432172: W c:\tf_jenkins\home\workspace\release-win\m\windows-gpu\py\35\tensorflow\core\platform\cpu_feature_guard.cc:45] The TensorFlow library wasn't compiled to use SSE3 instructions, but these are available on your machine and could speed up CPU computations.
2017-09-27 14:51:30.432617: W c:\tf_jenkins\home\workspace\release-win\m\windows-gpu\py\35\tensorflow\core\platform\cpu_feature_guard.cc:45] The TensorFlow library wasn't compiled to use SSE4.1 instructions, but these are available on your machine and could speed up CPU computations.
2017-09-27 14:51:30.432860: W c:\tf_jenkins\home\workspace\release-win\m\windows-gpu\py\35\tensorflow\core\platform\cpu_feature_guard.cc:45] The TensorFlow library wasn't compiled to use SSE4.2 instructions, but these are available on your machine and could speed up CPU computations.
2017-09-27 14:51:30.433506: W c:\tf_jenkins\home\workspace\release-win\m\windows-gpu\py\35\tensorflow\core\platform\cpu_feature_guard.cc:45] The TensorFlow library wasn't compiled to use AVX instructions, but these are available on your machine and could speed up CPU computations.
2017-09-27 14:51:30.433737: W c:\tf_jenkins\home\workspace\release-win\m\windows-gpu\py\35\tensorflow\core\platform\cpu_feature_guard.cc:45] The TensorFlow library wasn't compiled to use AVX2 instructions, but these are available on your machine and could speed up CPU computations.
2017-09-27 14:51:30.434770: W c:\tf_jenkins\home\workspace\release-win\m\windows-gpu\py\35\tensorflow\core\platform\cpu_feature_guard.cc:45] The TensorFlow library wasn't compiled to use FMA instructions, but these are available on your machine and could speed up CPU computations.
2017-09-27 14:51:30.764085: I c:\tf_jenkins\home\workspace\release-win\m\windows-gpu\py\35\tensorflow\core\common_runtime\gpu\gpu_device.cc:940] Found device 0 with properties:
name: GeForce GTX 1060
major: 6 minor: 1 memoryClockRate (GHz) 1.6705
pciBusID 0000:01:00.0
Total memory: 6.00GiB
Free memory: 4.99GiB
2017-09-27 14:51:30.764355: I c:\tf_jenkins\home\workspace\release-win\m\windows-gpu\py\35\tensorflow\core\common_runtime\gpu\gpu_device.cc:961] DMA: 0
2017-09-27 14:51:30.764482: I c:\tf_jenkins\home\workspace\release-win\m\windows-gpu\py\35\tensorflow\core\common_runtime\gpu\gpu_device.cc:971] 0:   Y
2017-09-27 14:51:30.764625: I c:\tf_jenkins\home\workspace\release-win\m\windows-gpu\py\35\tensorflow\core\common_runtime\gpu\gpu_device.cc:1030] Creating TensorFlow device (/gpu:0) -> (device: 0, name: GeForce GTX 1060, pci bus id: 0000:01:00.0)
==============[0] 334.1558 14.6302	 358.2123 14.3595==============
[softmax acc: 0.000]	[top20 acc: 0.000]	[top100 acc: 0.000]
[t-softmax acc: 0.000]	[t-top20 acc: 0.000]	[t-top100 acc: 0.000]
==============[400] 323.3620 21.5464	 244.2173 19.8310==============
[softmax acc: 0.359]	[top20 acc: 0.531]	[top100 acc: 0.547]
[t-softmax acc: 0.234]	[t-top20 acc: 0.406]	[t-top100 acc: 0.453]
==============[800] 213.8624 18.0073	 222.5194 13.1015==============
[softmax acc: 0.406]	[top20 acc: 0.500]	[top100 acc: 0.547]
[t-softmax acc: 0.359]	[t-top20 acc: 0.438]	[t-top100 acc: 0.484]
==============[1200] 210.4054 23.7060	 224.9927 30.4419==============
[softmax acc: 0.234]	[top20 acc: 0.422]	[top100 acc: 0.422]
[t-softmax acc: 0.281]	[t-top20 acc: 0.344]	[t-top100 acc: 0.375]
==============[1600] 207.0781 16.3944	 178.7521 13.9318==============
[softmax acc: 0.422]	[top20 acc: 0.656]	[top100 acc: 0.672]
[t-softmax acc: 0.375]	[t-top20 acc: 0.562]	[t-top100 acc: 0.594]
==============[2000] 151.8165 8.9131	 289.9687 20.7352==============
[softmax acc: 0.438]	[top20 acc: 0.656]	[top100 acc: 0.719]
[t-softmax acc: 0.328]	[t-top20 acc: 0.438]	[t-top100 acc: 0.484]
==============[2400] 247.0846 11.3643	 206.3943 9.7224==============
[softmax acc: 0.406]	[top20 acc: 0.641]	[top100 acc: 0.688]
[t-softmax acc: 0.422]	[t-top20 acc: 0.547]	[t-top100 acc: 0.578]
==============[2800] 290.2131 25.6197	 165.6376 14.8539==============
[softmax acc: 0.328]	[top20 acc: 0.422]	[top100 acc: 0.469]
[t-softmax acc: 0.312]	[t-top20 acc: 0.422]	[t-top100 acc: 0.469]
==============[3200] 198.7085 19.0265	 188.6060 8.3953==============
[softmax acc: 0.297]	[top20 acc: 0.688]	[top100 acc: 0.734]
[t-softmax acc: 0.234]	[t-top20 acc: 0.641]	[t-top100 acc: 0.734]
==============[3600] 207.9222 12.1637	 145.2788 11.3523==============
[softmax acc: 0.375]	[top20 acc: 0.609]	[top100 acc: 0.672]
[t-softmax acc: 0.453]	[t-top20 acc: 0.641]	[t-top100 acc: 0.750]
==============[4000] 197.5823 11.6386	 201.3337 11.5036==============
[softmax acc: 0.391]	[top20 acc: 0.609]	[top100 acc: 0.656]
[t-softmax acc: 0.297]	[t-top20 acc: 0.547]	[t-top100 acc: 0.625]
==============[4400] 81.4277 13.8976	 95.7826 15.0845==============
[softmax acc: 0.469]	[top20 acc: 0.672]	[top100 acc: 0.703]
[t-softmax acc: 0.344]	[t-top20 acc: 0.484]	[t-top100 acc: 0.531]
==============[4800] 120.3834 12.3924	 104.9859 10.6044==============
[softmax acc: 0.391]	[top20 acc: 0.531]	[top100 acc: 0.578]
[t-softmax acc: 0.438]	[t-top20 acc: 0.578]	[t-top100 acc: 0.688]
==============[5200] 143.6026 13.7627	 124.9516 14.1104==============
[softmax acc: 0.312]	[top20 acc: 0.500]	[top100 acc: 0.562]
[t-softmax acc: 0.328]	[t-top20 acc: 0.469]	[t-top100 acc: 0.609]
==============[5600] 145.1656 17.3743	 187.2576 10.7848==============
[softmax acc: 0.312]	[top20 acc: 0.453]	[top100 acc: 0.547]
[t-softmax acc: 0.422]	[t-top20 acc: 0.578]	[t-top100 acc: 0.672]
==============[6000] 144.4423 9.6868	 91.2983 8.7199==============
[softmax acc: 0.531]	[top20 acc: 0.734]	[top100 acc: 0.750]
[t-softmax acc: 0.375]	[t-top20 acc: 0.625]	[t-top100 acc: 0.688]
==============[6400] 94.6000 9.8276	 84.5654 7.5598==============
[softmax acc: 0.375]	[top20 acc: 0.719]	[top100 acc: 0.766]
[t-softmax acc: 0.453]	[t-top20 acc: 0.609]	[t-top100 acc: 0.672]
==============[6800] 89.3099 9.2219	 142.3302 9.9206==============
[softmax acc: 0.422]	[top20 acc: 0.641]	[top100 acc: 0.734]
[t-softmax acc: 0.359]	[t-top20 acc: 0.562]	[t-top100 acc: 0.656]
==============[7200] 186.4947 14.2991	 190.3374 14.2954==============
[softmax acc: 0.281]	[top20 acc: 0.531]	[top100 acc: 0.656]
[t-softmax acc: 0.219]	[t-top20 acc: 0.391]	[t-top100 acc: 0.516]
==============[7600] 126.8364 8.7679	 112.7540 11.1528==============
[softmax acc: 0.422]	[top20 acc: 0.594]	[top100 acc: 0.703]
[t-softmax acc: 0.359]	[t-top20 acc: 0.469]	[t-top100 acc: 0.609]
==============[8000] 78.1515 23.3932	 160.4795 10.4437==============
[softmax acc: 0.344]	[top20 acc: 0.547]	[top100 acc: 0.625]
[t-softmax acc: 0.281]	[t-top20 acc: 0.531]	[t-top100 acc: 0.703]
==============[8400] 103.6718 10.9150	 74.7411 7.8971==============
[softmax acc: 0.359]	[top20 acc: 0.453]	[top100 acc: 0.609]
[t-softmax acc: 0.281]	[t-top20 acc: 0.438]	[t-top100 acc: 0.516]
==============[8800] 92.8670 17.1907	 122.3267 10.6270==============
[softmax acc: 0.359]	[top20 acc: 0.578]	[top100 acc: 0.688]
[t-softmax acc: 0.344]	[t-top20 acc: 0.547]	[t-top100 acc: 0.594]
==============[9200] 123.1747 11.1341	 128.9640 8.1856==============
[softmax acc: 0.344]	[top20 acc: 0.594]	[top100 acc: 0.750]
[t-softmax acc: 0.234]	[t-top20 acc: 0.406]	[t-top100 acc: 0.672]
==============[9600] 154.5928 8.2147	 100.1505 8.9818==============
[softmax acc: 0.297]	[top20 acc: 0.469]	[top100 acc: 0.531]
[t-softmax acc: 0.391]	[t-top20 acc: 0.531]	[t-top100 acc: 0.656]
==============[10000] 102.4283 5.8669	 131.7802 13.9283==============
[softmax acc: 0.484]	[top20 acc: 0.750]	[top100 acc: 0.812]
[t-softmax acc: 0.406]	[t-top20 acc: 0.531]	[t-top100 acc: 0.672]
==============[10400] 70.6431 7.8641	 136.9200 5.8486==============
[softmax acc: 0.375]	[top20 acc: 0.703]	[top100 acc: 0.797]
[t-softmax acc: 0.328]	[t-top20 acc: 0.547]	[t-top100 acc: 0.750]
==============[10800] 121.6737 10.8504	 80.5029 14.3890==============
[softmax acc: 0.469]	[top20 acc: 0.734]	[top100 acc: 0.781]
[t-softmax acc: 0.406]	[t-top20 acc: 0.531]	[t-top100 acc: 0.562]
==============[11200] 74.1538 10.0104	 36.7087 6.5684==============
[softmax acc: 0.484]	[top20 acc: 0.750]	[top100 acc: 0.781]
[t-softmax acc: 0.453]	[t-top20 acc: 0.688]	[t-top100 acc: 0.797]
==============[11600] 81.2623 10.1132	 84.3424 11.0956==============
[softmax acc: 0.438]	[top20 acc: 0.734]	[top100 acc: 0.750]
[t-softmax acc: 0.234]	[t-top20 acc: 0.406]	[t-top100 acc: 0.609]
==============[12000] 114.9247 9.6634	 78.6083 7.4557==============
[softmax acc: 0.422]	[top20 acc: 0.578]	[top100 acc: 0.656]
[t-softmax acc: 0.500]	[t-top20 acc: 0.625]	[t-top100 acc: 0.703]
==============[12400] 109.1478 10.0916	 68.6092 11.5994==============
[softmax acc: 0.438]	[top20 acc: 0.609]	[top100 acc: 0.656]
[t-softmax acc: 0.422]	[t-top20 acc: 0.469]	[t-top100 acc: 0.531]
==============[12800] 73.7042 8.0169	 58.0966 7.4304==============
[softmax acc: 0.391]	[top20 acc: 0.656]	[top100 acc: 0.766]
[t-softmax acc: 0.250]	[t-top20 acc: 0.453]	[t-top100 acc: 0.688]
==============[13200] 86.8234 7.6029	 133.9834 13.7784==============
[softmax acc: 0.438]	[top20 acc: 0.656]	[top100 acc: 0.734]
[t-softmax acc: 0.281]	[t-top20 acc: 0.438]	[t-top100 acc: 0.609]
==============[13600] 26.9494 6.5775	 61.1516 10.6931==============
[softmax acc: 0.531]	[top20 acc: 0.703]	[top100 acc: 0.781]
[t-softmax acc: 0.484]	[t-top20 acc: 0.625]	[t-top100 acc: 0.734]
==============[14000] 99.7005 11.3341	 107.5233 13.9734==============
[softmax acc: 0.266]	[top20 acc: 0.625]	[top100 acc: 0.688]
[t-softmax acc: 0.281]	[t-top20 acc: 0.500]	[t-top100 acc: 0.656]
==============[14400] 125.7746 9.3505	 107.3250 6.6774==============
[softmax acc: 0.328]	[top20 acc: 0.688]	[top100 acc: 0.766]
[t-softmax acc: 0.312]	[t-top20 acc: 0.547]	[t-top100 acc: 0.703]
==============[14800] 60.7523 7.8504	 141.8790 5.3360==============
[softmax acc: 0.469]	[top20 acc: 0.766]	[top100 acc: 0.828]
[t-softmax acc: 0.453]	[t-top20 acc: 0.719]	[t-top100 acc: 0.812]
==============[15200] 55.5162 7.0628	 133.6243 9.1450==============
[softmax acc: 0.453]	[top20 acc: 0.672]	[top100 acc: 0.781]
[t-softmax acc: 0.328]	[t-top20 acc: 0.578]	[t-top100 acc: 0.750]
==============[15600] 84.9908 7.0919	 75.9054 9.3860==============
[softmax acc: 0.500]	[top20 acc: 0.766]	[top100 acc: 0.797]
[t-softmax acc: 0.438]	[t-top20 acc: 0.641]	[t-top100 acc: 0.719]
==============[16000] 99.2482 13.3209	 68.3772 9.1439==============
[softmax acc: 0.359]	[top20 acc: 0.562]	[top100 acc: 0.594]
[t-softmax acc: 0.297]	[t-top20 acc: 0.484]	[t-top100 acc: 0.562]
==============[16400] 86.4900 6.3026	 71.9520 7.0717==============
[softmax acc: 0.469]	[top20 acc: 0.781]	[top100 acc: 0.859]
[t-softmax acc: 0.297]	[t-top20 acc: 0.516]	[t-top100 acc: 0.703]
==============[16800] 59.2111 6.5465	 67.0849 9.7701==============
[softmax acc: 0.422]	[top20 acc: 0.734]	[top100 acc: 0.859]
[t-softmax acc: 0.328]	[t-top20 acc: 0.516]	[t-top100 acc: 0.656]
==============[17200] 43.9327 5.2335	 139.1320 6.7822==============
[softmax acc: 0.422]	[top20 acc: 0.703]	[top100 acc: 0.812]
[t-softmax acc: 0.281]	[t-top20 acc: 0.484]	[t-top100 acc: 0.703]
==============[17600] 102.5152 10.7555	 69.1413 10.3679==============
[softmax acc: 0.391]	[top20 acc: 0.609]	[top100 acc: 0.703]
[t-softmax acc: 0.266]	[t-top20 acc: 0.453]	[t-top100 acc: 0.547]
==============[18000] 71.2985 7.5302	 62.5286 8.3524==============
[softmax acc: 0.406]	[top20 acc: 0.672]	[top100 acc: 0.688]
[t-softmax acc: 0.266]	[t-top20 acc: 0.422]	[t-top100 acc: 0.688]
==============[18400] 58.8257 5.6999	 57.2973 8.6587==============
[softmax acc: 0.578]	[top20 acc: 0.828]	[top100 acc: 0.859]
[t-softmax acc: 0.344]	[t-top20 acc: 0.562]	[t-top100 acc: 0.750]
==============[18800] 66.9218 10.5470	 63.8229 9.2529==============
[softmax acc: 0.391]	[top20 acc: 0.719]	[top100 acc: 0.766]
[t-softmax acc: 0.344]	[t-top20 acc: 0.578]	[t-top100 acc: 0.719]
==============[19200] 69.7034 8.4922	 130.2799 15.0991==============
[softmax acc: 0.516]	[top20 acc: 0.703]	[top100 acc: 0.766]
[t-softmax acc: 0.344]	[t-top20 acc: 0.516]	[t-top100 acc: 0.672]
==============[19600] 45.2075 9.1476	 86.3016 10.3338==============
[softmax acc: 0.406]	[top20 acc: 0.719]	[top100 acc: 0.766]
[t-softmax acc: 0.328]	[t-top20 acc: 0.484]	[t-top100 acc: 0.656]
==============[20000] 69.0163 5.5851	 73.8556 5.0288==============
[softmax acc: 0.422]	[top20 acc: 0.672]	[top100 acc: 0.812]
[t-softmax acc: 0.422]	[t-top20 acc: 0.641]	[t-top100 acc: 0.859]
==============[20400] 79.0950 9.5486	 69.6690 9.9586==============
[softmax acc: 0.484]	[top20 acc: 0.641]	[top100 acc: 0.812]
[t-softmax acc: 0.422]	[t-top20 acc: 0.562]	[t-top100 acc: 0.703]
==============[20800] 69.4880 7.5645	 79.2697 7.4365==============
[softmax acc: 0.391]	[top20 acc: 0.703]	[top100 acc: 0.766]
[t-softmax acc: 0.406]	[t-top20 acc: 0.547]	[t-top100 acc: 0.797]
==============[21200] 81.6860 6.1287	 81.0877 5.3369==============
[softmax acc: 0.328]	[top20 acc: 0.688]	[top100 acc: 0.844]
[t-softmax acc: 0.391]	[t-top20 acc: 0.625]	[t-top100 acc: 0.812]
==============[21600] 66.2779 7.1182	 54.5155 7.1138==============
[softmax acc: 0.469]	[top20 acc: 0.750]	[top100 acc: 0.766]
[t-softmax acc: 0.484]	[t-top20 acc: 0.625]	[t-top100 acc: 0.766]
==============[22000] 76.2779 5.7686	 64.1236 8.0933==============
[softmax acc: 0.469]	[top20 acc: 0.766]	[top100 acc: 0.844]
[t-softmax acc: 0.344]	[t-top20 acc: 0.516]	[t-top100 acc: 0.672]
==============[22400] 57.6252 6.9675	 101.4344 7.7580==============
[softmax acc: 0.391]	[top20 acc: 0.719]	[top100 acc: 0.734]
[t-softmax acc: 0.203]	[t-top20 acc: 0.469]	[t-top100 acc: 0.656]
==============[22800] 49.7563 5.5998	 52.0685 5.0872==============
[softmax acc: 0.484]	[top20 acc: 0.688]	[top100 acc: 0.734]
[t-softmax acc: 0.500]	[t-top20 acc: 0.688]	[t-top100 acc: 0.781]
==============[23200] 60.2079 9.3999	 52.9356 13.2719==============
[softmax acc: 0.406]	[top20 acc: 0.781]	[top100 acc: 0.812]
[t-softmax acc: 0.297]	[t-top20 acc: 0.578]	[t-top100 acc: 0.641]
==============[23600] 106.8088 8.3840	 58.4435 5.5034==============
[softmax acc: 0.484]	[top20 acc: 0.609]	[top100 acc: 0.703]
[t-softmax acc: 0.391]	[t-top20 acc: 0.641]	[t-top100 acc: 0.766]
==============[24000] 59.5053 9.4566	 27.4116 4.1146==============
[softmax acc: 0.469]	[top20 acc: 0.766]	[top100 acc: 0.859]
[t-softmax acc: 0.562]	[t-top20 acc: 0.781]	[t-top100 acc: 0.828]
==============[24400] 72.7717 8.4396	 48.6135 6.6022==============
[softmax acc: 0.359]	[top20 acc: 0.656]	[top100 acc: 0.719]
[t-softmax acc: 0.391]	[t-top20 acc: 0.562]	[t-top100 acc: 0.719]
==============[24800] 55.2569 6.6899	 62.4675 8.9712==============
[softmax acc: 0.438]	[top20 acc: 0.641]	[top100 acc: 0.703]
[t-softmax acc: 0.359]	[t-top20 acc: 0.484]	[t-top100 acc: 0.547]
==============[25200] 37.9199 8.7574	 62.1339 7.9810==============
[softmax acc: 0.281]	[top20 acc: 0.562]	[top100 acc: 0.672]
[t-softmax acc: 0.328]	[t-top20 acc: 0.469]	[t-top100 acc: 0.547]
==============[25600] 51.1255 10.3385	 61.6089 7.5304==============
[softmax acc: 0.453]	[top20 acc: 0.625]	[top100 acc: 0.641]
[t-softmax acc: 0.391]	[t-top20 acc: 0.562]	[t-top100 acc: 0.625]
==============[26000] 53.2262 7.6822	 54.2975 6.3171==============
[softmax acc: 0.516]	[top20 acc: 0.844]	[top100 acc: 0.891]
[t-softmax acc: 0.453]	[t-top20 acc: 0.719]	[t-top100 acc: 0.781]
==============[26400] 39.7049 5.7874	 56.0902 7.9100==============
[softmax acc: 0.438]	[top20 acc: 0.641]	[top100 acc: 0.703]
[t-softmax acc: 0.281]	[t-top20 acc: 0.641]	[t-top100 acc: 0.766]
==============[26800] 59.1692 6.3161	 77.2918 6.7719==============
[softmax acc: 0.500]	[top20 acc: 0.719]	[top100 acc: 0.828]
[t-softmax acc: 0.312]	[t-top20 acc: 0.500]	[t-top100 acc: 0.641]
==============[27200] 35.5327 5.8172	 62.0813 8.1212==============
[softmax acc: 0.391]	[top20 acc: 0.625]	[top100 acc: 0.734]
[t-softmax acc: 0.266]	[t-top20 acc: 0.484]	[t-top100 acc: 0.641]
==============[27600] 83.3492 6.9661	 73.3098 7.1496==============
[softmax acc: 0.344]	[top20 acc: 0.641]	[top100 acc: 0.734]
[t-softmax acc: 0.391]	[t-top20 acc: 0.641]	[t-top100 acc: 0.781]
==============[28000] 79.4267 5.4507	 113.4248 5.0018==============
[softmax acc: 0.484]	[top20 acc: 0.766]	[top100 acc: 0.875]
[t-softmax acc: 0.312]	[t-top20 acc: 0.547]	[t-top100 acc: 0.750]
==============[28400] 97.3768 5.3114	 84.7851 5.2356==============
[softmax acc: 0.547]	[top20 acc: 0.922]	[top100 acc: 0.922]
[t-softmax acc: 0.344]	[t-top20 acc: 0.656]	[t-top100 acc: 0.859]
==============[28800] 44.3292 5.3404	 37.3174 7.6504==============
[softmax acc: 0.391]	[top20 acc: 0.750]	[top100 acc: 0.781]
[t-softmax acc: 0.375]	[t-top20 acc: 0.562]	[t-top100 acc: 0.734]
==============[29200] 62.8726 6.8757	 88.2981 8.4484==============
[softmax acc: 0.406]	[top20 acc: 0.672]	[top100 acc: 0.781]
[t-softmax acc: 0.359]	[t-top20 acc: 0.531]	[t-top100 acc: 0.766]
==============[29600] 59.8606 6.2415	 41.2687 7.2314==============
[softmax acc: 0.391]	[top20 acc: 0.656]	[top100 acc: 0.812]
[t-softmax acc: 0.266]	[t-top20 acc: 0.500]	[t-top100 acc: 0.688]
==============[30000] 50.0428 5.3044	 61.2507 5.6735==============
[softmax acc: 0.484]	[top20 acc: 0.797]	[top100 acc: 0.891]
[t-softmax acc: 0.344]	[t-top20 acc: 0.641]	[t-top100 acc: 0.781]
==============[30400] 33.4980 8.8814	 40.7730 6.7764==============
[softmax acc: 0.406]	[top20 acc: 0.797]	[top100 acc: 0.859]
[t-softmax acc: 0.328]	[t-top20 acc: 0.516]	[t-top100 acc: 0.781]
==============[30800] 56.0253 8.4194	 32.9047 5.2736==============
[softmax acc: 0.328]	[top20 acc: 0.641]	[top100 acc: 0.750]
[t-softmax acc: 0.312]	[t-top20 acc: 0.547]	[t-top100 acc: 0.859]
==============[31200] 77.3759 5.6543	 25.1313 7.3746==============
[softmax acc: 0.578]	[top20 acc: 0.719]	[top100 acc: 0.875]
[t-softmax acc: 0.328]	[t-top20 acc: 0.609]	[t-top100 acc: 0.828]
==============[31600] 50.7617 5.2664	 51.5684 5.1375==============
[softmax acc: 0.422]	[top20 acc: 0.750]	[top100 acc: 0.875]
[t-softmax acc: 0.281]	[t-top20 acc: 0.609]	[t-top100 acc: 0.844]
==============[32000] 74.2838 5.7046	 16.8577 6.8107==============
[softmax acc: 0.531]	[top20 acc: 0.797]	[top100 acc: 0.828]
[t-softmax acc: 0.266]	[t-top20 acc: 0.516]	[t-top100 acc: 0.672]
==============[32400] 69.2438 6.2395	 70.0096 4.6813==============
[softmax acc: 0.344]	[top20 acc: 0.688]	[top100 acc: 0.781]
[t-softmax acc: 0.438]	[t-top20 acc: 0.703]	[t-top100 acc: 0.828]
==============[32800] 25.9074 4.4243	 42.7320 3.9817==============
[softmax acc: 0.422]	[top20 acc: 0.797]	[top100 acc: 0.906]
[t-softmax acc: 0.359]	[t-top20 acc: 0.750]	[t-top100 acc: 0.906]
==============[33200] 57.7612 7.0137	 44.7113 6.5883==============
[softmax acc: 0.391]	[top20 acc: 0.672]	[top100 acc: 0.781]
[t-softmax acc: 0.219]	[t-top20 acc: 0.469]	[t-top100 acc: 0.609]
==============[33600] 25.7153 7.4241	 97.4949 3.9547==============
[softmax acc: 0.344]	[top20 acc: 0.625]	[top100 acc: 0.750]
[t-softmax acc: 0.469]	[t-top20 acc: 0.719]	[t-top100 acc: 0.797]
==============[34000] 60.7299 6.1707	 72.7236 6.0081==============
[softmax acc: 0.531]	[top20 acc: 0.781]	[top100 acc: 0.812]
[t-softmax acc: 0.469]	[t-top20 acc: 0.672]	[t-top100 acc: 0.812]
==============[34400] 49.6970 6.9585	 79.2653 8.4303==============
[softmax acc: 0.438]	[top20 acc: 0.688]	[top100 acc: 0.750]
[t-softmax acc: 0.297]	[t-top20 acc: 0.547]	[t-top100 acc: 0.656]
==============[34800] 66.4869 7.3135	 85.3762 5.9047==============
[softmax acc: 0.469]	[top20 acc: 0.781]	[top100 acc: 0.812]
[t-softmax acc: 0.312]	[t-top20 acc: 0.578]	[t-top100 acc: 0.766]
==============[35200] 36.6735 5.4427	 39.4430 6.0037==============
[softmax acc: 0.547]	[top20 acc: 0.812]	[top100 acc: 0.875]
[t-softmax acc: 0.422]	[t-top20 acc: 0.594]	[t-top100 acc: 0.781]
==============[35600] 50.7515 7.0631	 43.4232 11.5925==============
[softmax acc: 0.438]	[top20 acc: 0.750]	[top100 acc: 0.766]
[t-softmax acc: 0.266]	[t-top20 acc: 0.469]	[t-top100 acc: 0.578]
==============[36000] 59.9482 6.5837	 60.1004 6.7677==============
[softmax acc: 0.438]	[top20 acc: 0.734]	[top100 acc: 0.734]
[t-softmax acc: 0.297]	[t-top20 acc: 0.531]	[t-top100 acc: 0.641]
==============[36400] 20.0216 4.1317	 51.2351 5.2372==============
[softmax acc: 0.438]	[top20 acc: 0.875]	[top100 acc: 0.953]
[t-softmax acc: 0.312]	[t-top20 acc: 0.625]	[t-top100 acc: 0.844]
==============[36800] 48.1304 5.9682	 25.2382 8.1851==============
[softmax acc: 0.453]	[top20 acc: 0.797]	[top100 acc: 0.859]
[t-softmax acc: 0.188]	[t-top20 acc: 0.500]	[t-top100 acc: 0.656]
==============[37200] 47.8488 5.9702	 20.7607 8.2645==============
[softmax acc: 0.453]	[top20 acc: 0.703]	[top100 acc: 0.734]
[t-softmax acc: 0.266]	[t-top20 acc: 0.469]	[t-top100 acc: 0.625]
==============[37600] 44.8419 4.8715	 70.0225 5.8557==============
[softmax acc: 0.469]	[top20 acc: 0.703]	[top100 acc: 0.781]
[t-softmax acc: 0.312]	[t-top20 acc: 0.719]	[t-top100 acc: 0.812]
==============[38000] 60.9360 4.7507	 48.9073 5.1614==============
[softmax acc: 0.406]	[top20 acc: 0.688]	[top100 acc: 0.812]
[t-softmax acc: 0.484]	[t-top20 acc: 0.609]	[t-top100 acc: 0.766]
==============[38400] 42.0130 6.0395	 12.8486 7.2274==============
[softmax acc: 0.500]	[top20 acc: 0.797]	[top100 acc: 0.812]
[t-softmax acc: 0.266]	[t-top20 acc: 0.594]	[t-top100 acc: 0.688]
==============[38800] 74.7423 4.8655	 32.5290 5.6760==============
[softmax acc: 0.516]	[top20 acc: 0.875]	[top100 acc: 0.906]
[t-softmax acc: 0.328]	[t-top20 acc: 0.641]	[t-top100 acc: 0.734]
==============[39200] 29.3410 7.7237	 35.1063 5.3281==============
[softmax acc: 0.469]	[top20 acc: 0.672]	[top100 acc: 0.750]
[t-softmax acc: 0.453]	[t-top20 acc: 0.656]	[t-top100 acc: 0.781]
==============[39600] 28.1078 4.4658	 74.6189 5.8156==============
[softmax acc: 0.531]	[top20 acc: 0.875]	[top100 acc: 0.875]
[t-softmax acc: 0.297]	[t-top20 acc: 0.656]	[t-top100 acc: 0.781]
==============[40000] 66.4756 7.3236	 31.2175 5.3782==============
[softmax acc: 0.359]	[top20 acc: 0.688]	[top100 acc: 0.766]
[t-softmax acc: 0.250]	[t-top20 acc: 0.656]	[t-top100 acc: 0.812]
==============[40400] 36.1451 5.4549	 34.0416 5.9870==============
[softmax acc: 0.516]	[top20 acc: 0.797]	[top100 acc: 0.844]
[t-softmax acc: 0.359]	[t-top20 acc: 0.703]	[t-top100 acc: 0.828]
==============[40800] 39.8186 5.6008	 48.8635 3.8794==============
[softmax acc: 0.453]	[top20 acc: 0.703]	[top100 acc: 0.859]
[t-softmax acc: 0.500]	[t-top20 acc: 0.688]	[t-top100 acc: 0.891]
==============[41200] 44.5666 3.9990	 33.1390 4.9719==============
[softmax acc: 0.547]	[top20 acc: 0.812]	[top100 acc: 0.875]
[t-softmax acc: 0.422]	[t-top20 acc: 0.734]	[t-top100 acc: 0.875]
==============[41600] 51.5635 5.2243	 49.5707 4.9524==============
[softmax acc: 0.469]	[top20 acc: 0.859]	[top100 acc: 0.891]
[t-softmax acc: 0.344]	[t-top20 acc: 0.703]	[t-top100 acc: 0.812]
==============[42000] 61.6832 4.9348	 66.1831 5.9612==============
[softmax acc: 0.438]	[top20 acc: 0.750]	[top100 acc: 0.891]
[t-softmax acc: 0.312]	[t-top20 acc: 0.578]	[t-top100 acc: 0.859]
==============[42400] 55.5799 7.6266	 32.4629 5.8170==============
[softmax acc: 0.453]	[top20 acc: 0.688]	[top100 acc: 0.828]
[t-softmax acc: 0.297]	[t-top20 acc: 0.516]	[t-top100 acc: 0.766]
==============[42800] 27.9421 6.7524	 42.0498 3.9764==============
[softmax acc: 0.391]	[top20 acc: 0.688]	[top100 acc: 0.750]
[t-softmax acc: 0.438]	[t-top20 acc: 0.750]	[t-top100 acc: 0.828]
==============[43200] 15.5172 6.9041	 37.0889 6.2337==============
[softmax acc: 0.375]	[top20 acc: 0.578]	[top100 acc: 0.656]
[t-softmax acc: 0.453]	[t-top20 acc: 0.641]	[t-top100 acc: 0.750]
==============[43600] 44.9590 4.9342	 46.1650 4.0468==============
[softmax acc: 0.438]	[top20 acc: 0.812]	[top100 acc: 0.875]
[t-softmax acc: 0.281]	[t-top20 acc: 0.625]	[t-top100 acc: 0.906]
==============[44000] 52.2626 5.2145	 55.1439 6.1820==============
[softmax acc: 0.516]	[top20 acc: 0.719]	[top100 acc: 0.828]
[t-softmax acc: 0.328]	[t-top20 acc: 0.609]	[t-top100 acc: 0.812]
==============[44400] 54.1018 5.3400	 6.6371 4.9223==============
[softmax acc: 0.391]	[top20 acc: 0.797]	[top100 acc: 0.828]
[t-softmax acc: 0.375]	[t-top20 acc: 0.703]	[t-top100 acc: 0.828]
==============[44800] 36.2754 4.7799	 47.3704 6.0231==============
[softmax acc: 0.484]	[top20 acc: 0.734]	[top100 acc: 0.828]
[t-softmax acc: 0.297]	[t-top20 acc: 0.484]	[t-top100 acc: 0.641]
==============[45200] 52.5512 4.4234	 56.0215 4.3994==============
[softmax acc: 0.547]	[top20 acc: 0.844]	[top100 acc: 0.891]
[t-softmax acc: 0.438]	[t-top20 acc: 0.812]	[t-top100 acc: 0.922]
==============[45600] 53.3233 5.5248	 65.5008 4.8411==============
[softmax acc: 0.453]	[top20 acc: 0.812]	[top100 acc: 0.891]
[t-softmax acc: 0.391]	[t-top20 acc: 0.719]	[t-top100 acc: 0.797]
==============[46000] 43.7934 4.1826	 29.5632 4.0205==============
[softmax acc: 0.469]	[top20 acc: 0.875]	[top100 acc: 0.891]
[t-softmax acc: 0.438]	[t-top20 acc: 0.703]	[t-top100 acc: 0.938]
==============[46400] 55.8116 3.5864	 49.4508 6.1271==============
[softmax acc: 0.453]	[top20 acc: 0.844]	[top100 acc: 0.844]
[t-softmax acc: 0.469]	[t-top20 acc: 0.688]	[t-top100 acc: 0.766]
==============[46800] 46.1266 7.5496	 15.1410 6.1575==============
[softmax acc: 0.391]	[top20 acc: 0.641]	[top100 acc: 0.672]
[t-softmax acc: 0.312]	[t-top20 acc: 0.656]	[t-top100 acc: 0.750]
==============[47200] 39.9744 5.4617	 72.3784 6.5537==============
[softmax acc: 0.422]	[top20 acc: 0.812]	[top100 acc: 0.891]
[t-softmax acc: 0.406]	[t-top20 acc: 0.594]	[t-top100 acc: 0.719]
==============[47600] 37.0060 4.4364	 57.6602 5.6404==============
[softmax acc: 0.438]	[top20 acc: 0.797]	[top100 acc: 0.875]
[t-softmax acc: 0.391]	[t-top20 acc: 0.656]	[t-top100 acc: 0.797]
==============[48000] 43.2640 5.7157	 17.2225 4.4343==============
[softmax acc: 0.453]	[top20 acc: 0.766]	[top100 acc: 0.844]
[t-softmax acc: 0.359]	[t-top20 acc: 0.672]	[t-top100 acc: 0.859]
==============[48400] 40.3954 5.6904	 29.1937 4.4863==============
[softmax acc: 0.391]	[top20 acc: 0.750]	[top100 acc: 0.766]
[t-softmax acc: 0.375]	[t-top20 acc: 0.766]	[t-top100 acc: 0.844]
==============[48800] 24.3554 8.3092	 27.0288 4.1215==============
[softmax acc: 0.391]	[top20 acc: 0.609]	[top100 acc: 0.891]
[t-softmax acc: 0.453]	[t-top20 acc: 0.641]	[t-top100 acc: 0.812]
==============[49200] 25.2520 4.2308	 45.7983 4.4787==============
[softmax acc: 0.453]	[top20 acc: 0.812]	[top100 acc: 0.922]
[t-softmax acc: 0.453]	[t-top20 acc: 0.734]	[t-top100 acc: 0.844]
==============[49600] 24.5044 4.5237	 33.9296 4.3697==============
[softmax acc: 0.406]	[top20 acc: 0.812]	[top100 acc: 0.875]
[t-softmax acc: 0.469]	[t-top20 acc: 0.797]	[t-top100 acc: 0.844]
==============[50000] 29.1145 5.0206	 28.7206 5.6653==============
[softmax acc: 0.500]	[top20 acc: 0.734]	[top100 acc: 0.844]
[t-softmax acc: 0.422]	[t-top20 acc: 0.625]	[t-top100 acc: 0.781]
==============[50400] 34.1098 5.5323	 34.8198 7.3739==============
[softmax acc: 0.594]	[top20 acc: 0.812]	[top100 acc: 0.828]
[t-softmax acc: 0.266]	[t-top20 acc: 0.453]	[t-top100 acc: 0.656]
==============[50800] 26.7046 3.2256	 62.3982 4.1091==============
[softmax acc: 0.438]	[top20 acc: 0.703]	[top100 acc: 0.859]
[t-softmax acc: 0.391]	[t-top20 acc: 0.672]	[t-top100 acc: 0.797]
==============[51200] 47.1849 3.5257	 7.7945 5.8718==============
[softmax acc: 0.578]	[top20 acc: 0.828]	[top100 acc: 0.891]
[t-softmax acc: 0.266]	[t-top20 acc: 0.547]	[t-top100 acc: 0.781]
==============[51600] 30.8055 5.1079	 24.3471 5.7470==============
[softmax acc: 0.453]	[top20 acc: 0.719]	[top100 acc: 0.750]
[t-softmax acc: 0.344]	[t-top20 acc: 0.531]	[t-top100 acc: 0.719]
==============[52000] 19.2075 3.7127	 36.9511 5.0497==============
[softmax acc: 0.375]	[top20 acc: 0.875]	[top100 acc: 0.922]
[t-softmax acc: 0.359]	[t-top20 acc: 0.656]	[t-top100 acc: 0.828]
==============[52400] 13.2722 3.0293	 17.1369 5.7416==============
[softmax acc: 0.609]	[top20 acc: 0.844]	[top100 acc: 0.891]
[t-softmax acc: 0.328]	[t-top20 acc: 0.531]	[t-top100 acc: 0.656]
==============[52800] 28.1213 4.6528	 24.0511 5.2282==============
[softmax acc: 0.484]	[top20 acc: 0.781]	[top100 acc: 0.844]
[t-softmax acc: 0.297]	[t-top20 acc: 0.672]	[t-top100 acc: 0.781]
==============[53200] 49.8358 4.3999	 17.4525 4.2933==============
[softmax acc: 0.562]	[top20 acc: 0.734]	[top100 acc: 0.859]
[t-softmax acc: 0.250]	[t-top20 acc: 0.703]	[t-top100 acc: 0.859]
==============[53600] 6.5408 4.8931	 44.6139 3.9374==============
[softmax acc: 0.531]	[top20 acc: 0.859]	[top100 acc: 0.875]
[t-softmax acc: 0.375]	[t-top20 acc: 0.781]	[t-top100 acc: 0.875]
==============[54000] 18.1350 4.0219	 38.8230 3.9052==============
[softmax acc: 0.484]	[top20 acc: 0.922]	[top100 acc: 0.938]
[t-softmax acc: 0.375]	[t-top20 acc: 0.797]	[t-top100 acc: 0.875]
==============[54400] 57.6157 5.4713	 18.1537 4.3206==============
[softmax acc: 0.375]	[top20 acc: 0.750]	[top100 acc: 0.766]
[t-softmax acc: 0.547]	[t-top20 acc: 0.734]	[t-top100 acc: 0.828]
==============[54800] 26.8063 4.4106	 49.8718 5.2035==============
[softmax acc: 0.484]	[top20 acc: 0.766]	[top100 acc: 0.781]
[t-softmax acc: 0.328]	[t-top20 acc: 0.609]	[t-top100 acc: 0.734]
==============[55200] 4.9253 4.3585	 49.8838 4.5539==============
[softmax acc: 0.469]	[top20 acc: 0.828]	[top100 acc: 0.891]
[t-softmax acc: 0.469]	[t-top20 acc: 0.703]	[t-top100 acc: 0.891]
==============[55600] 14.2402 4.8776	 22.9834 5.0846==============
[softmax acc: 0.500]	[top20 acc: 0.766]	[top100 acc: 0.938]
[t-softmax acc: 0.281]	[t-top20 acc: 0.625]	[t-top100 acc: 0.859]
==============[56000] 58.5911 4.5640	 42.7105 2.9349==============
[softmax acc: 0.438]	[top20 acc: 0.828]	[top100 acc: 0.906]
[t-softmax acc: 0.422]	[t-top20 acc: 0.812]	[t-top100 acc: 0.969]
==============[56400] 36.5074 5.7382	 39.5232 5.5240==============
[softmax acc: 0.422]	[top20 acc: 0.781]	[top100 acc: 0.812]
[t-softmax acc: 0.406]	[t-top20 acc: 0.672]	[t-top100 acc: 0.828]
==============[56800] 42.4430 5.2635	 61.8671 5.8940==============
[softmax acc: 0.469]	[top20 acc: 0.672]	[top100 acc: 0.734]
[t-softmax acc: 0.422]	[t-top20 acc: 0.625]	[t-top100 acc: 0.719]
==============[57200] 18.0438 5.6485	 48.4900 2.9020==============
[softmax acc: 0.422]	[top20 acc: 0.688]	[top100 acc: 0.828]
[t-softmax acc: 0.547]	[t-top20 acc: 0.781]	[t-top100 acc: 0.953]
==============[57600] 17.5455 3.7816	 33.1270 3.1956==============
[softmax acc: 0.500]	[top20 acc: 0.906]	[top100 acc: 0.938]
[t-softmax acc: 0.469]	[t-top20 acc: 0.812]	[t-top100 acc: 0.906]
==============[58000] 32.1934 4.8075	 26.2256 5.5425==============
[softmax acc: 0.422]	[top20 acc: 0.812]	[top100 acc: 0.844]
[t-softmax acc: 0.344]	[t-top20 acc: 0.719]	[t-top100 acc: 0.891]
==============[58400] 18.7799 5.4603	 8.9790 4.9543==============
[softmax acc: 0.438]	[top20 acc: 0.828]	[top100 acc: 0.953]
[t-softmax acc: 0.375]	[t-top20 acc: 0.641]	[t-top100 acc: 0.750]
==============[58800] 14.6717 4.8744	 60.5066 3.3432==============
[softmax acc: 0.484]	[top20 acc: 0.781]	[top100 acc: 0.875]
[t-softmax acc: 0.375]	[t-top20 acc: 0.719]	[t-top100 acc: 0.953]
==============[59200] 50.3249 4.2091	 38.3655 5.8845==============
[softmax acc: 0.484]	[top20 acc: 0.875]	[top100 acc: 0.906]
[t-softmax acc: 0.375]	[t-top20 acc: 0.672]	[t-top100 acc: 0.797]
==============[59600] 9.1750 5.2052	 16.0601 5.3247==============
[softmax acc: 0.516]	[top20 acc: 0.859]	[top100 acc: 0.891]
[t-softmax acc: 0.359]	[t-top20 acc: 0.672]	[t-top100 acc: 0.812]
==============[60000] 26.1508 3.7724	 25.9242 4.8275==============
[softmax acc: 0.453]	[top20 acc: 0.844]	[top100 acc: 0.859]
[t-softmax acc: 0.297]	[t-top20 acc: 0.703]	[t-top100 acc: 0.828]
==============[60400] 39.1498 4.7531	 56.1038 4.4195==============
[softmax acc: 0.531]	[top20 acc: 0.844]	[top100 acc: 0.906]
[t-softmax acc: 0.312]	[t-top20 acc: 0.734]	[t-top100 acc: 0.891]
==============[60800] 51.7237 4.1674	 18.6570 5.0122==============
[softmax acc: 0.438]	[top20 acc: 0.859]	[top100 acc: 0.906]
[t-softmax acc: 0.500]	[t-top20 acc: 0.781]	[t-top100 acc: 0.828]
==============[61200] 48.0717 4.4225	 6.4359 6.0937==============
[softmax acc: 0.406]	[top20 acc: 0.625]	[top100 acc: 0.641]
[t-softmax acc: 0.328]	[t-top20 acc: 0.516]	[t-top100 acc: 0.688]
==============[61600] 13.8718 5.0113	 35.2317 3.5921==============
[softmax acc: 0.562]	[top20 acc: 0.859]	[top100 acc: 0.922]
[t-softmax acc: 0.375]	[t-top20 acc: 0.828]	[t-top100 acc: 0.938]
==============[62000] 26.6725 3.7237	 75.3872 5.2035==============
[softmax acc: 0.578]	[top20 acc: 0.859]	[top100 acc: 0.906]
[t-softmax acc: 0.328]	[t-top20 acc: 0.672]	[t-top100 acc: 0.797]
==============[62400] 32.3859 6.6387	 36.9027 4.4738==============
[softmax acc: 0.344]	[top20 acc: 0.516]	[top100 acc: 0.578]
[t-softmax acc: 0.391]	[t-top20 acc: 0.703]	[t-top100 acc: 0.797]
==============[62800] 33.6307 3.6974	 26.4519 4.1196==============
[softmax acc: 0.531]	[top20 acc: 0.859]	[top100 acc: 0.922]
[t-softmax acc: 0.375]	[t-top20 acc: 0.734]	[t-top100 acc: 0.891]
==============[63200] 62.4260 3.8522	 5.2906 4.8630==============
[softmax acc: 0.422]	[top20 acc: 0.734]	[top100 acc: 0.781]
[t-softmax acc: 0.359]	[t-top20 acc: 0.609]	[t-top100 acc: 0.875]
==============[63600] 16.6026 5.1286	 6.6922 6.4172==============
[softmax acc: 0.500]	[top20 acc: 0.750]	[top100 acc: 0.812]
[t-softmax acc: 0.250]	[t-top20 acc: 0.609]	[t-top100 acc: 0.688]
==============[64000] 12.2847 5.5049	 14.5406 5.1639==============
[softmax acc: 0.422]	[top20 acc: 0.641]	[top100 acc: 0.812]
[t-softmax acc: 0.406]	[t-top20 acc: 0.641]	[t-top100 acc: 0.812]
==============[64400] 7.2289 5.4599	 28.5760 4.4313==============
[softmax acc: 0.422]	[top20 acc: 0.781]	[top100 acc: 0.859]
[t-softmax acc: 0.406]	[t-top20 acc: 0.703]	[t-top100 acc: 0.828]
==============[64800] 62.1580 3.2850	 28.6098 5.0489==============
[softmax acc: 0.688]	[top20 acc: 0.875]	[top100 acc: 0.906]
[t-softmax acc: 0.328]	[t-top20 acc: 0.609]	[t-top100 acc: 0.828]
==============[65200] 29.3234 4.1806	 29.5732 4.5957==============
[softmax acc: 0.484]	[top20 acc: 0.906]	[top100 acc: 0.922]
[t-softmax acc: 0.391]	[t-top20 acc: 0.766]	[t-top100 acc: 0.859]
==============[65600] 15.4867 5.3042	 54.7498 3.5869==============
[softmax acc: 0.375]	[top20 acc: 0.734]	[top100 acc: 0.891]
[t-softmax acc: 0.422]	[t-top20 acc: 0.656]	[t-top100 acc: 0.891]
==============[66000] 18.1136 4.7932	 27.9136 5.4992==============
[softmax acc: 0.562]	[top20 acc: 0.812]	[top100 acc: 0.906]
[t-softmax acc: 0.344]	[t-top20 acc: 0.672]	[t-top100 acc: 0.828]
==============[66400] 37.9579 2.8878	 14.6108 3.1707==============
[softmax acc: 0.547]	[top20 acc: 0.922]	[top100 acc: 0.938]
[t-softmax acc: 0.406]	[t-top20 acc: 0.844]	[t-top100 acc: 0.906]
==============[66800] 39.0833 6.3401	 13.5875 7.1069==============
[softmax acc: 0.469]	[top20 acc: 0.719]	[top100 acc: 0.781]
[t-softmax acc: 0.297]	[t-top20 acc: 0.547]	[t-top100 acc: 0.625]
==============[67200] 19.7769 6.7176	 67.6932 6.2601==============
[softmax acc: 0.391]	[top20 acc: 0.672]	[top100 acc: 0.750]
[t-softmax acc: 0.312]	[t-top20 acc: 0.562]	[t-top100 acc: 0.672]
==============[67600] 21.7368 3.8766	 14.7768 4.3324==============
[softmax acc: 0.531]	[top20 acc: 0.734]	[top100 acc: 0.844]
[t-softmax acc: 0.422]	[t-top20 acc: 0.688]	[t-top100 acc: 0.828]
==============[68000] 23.2867 4.1861	 42.6055 6.2996==============
[softmax acc: 0.516]	[top20 acc: 0.812]	[top100 acc: 0.844]
[t-softmax acc: 0.344]	[t-top20 acc: 0.766]	[t-top100 acc: 0.812]
==============[68400] 38.4859 4.2848	 34.0840 4.6718==============
[softmax acc: 0.453]	[top20 acc: 0.875]	[top100 acc: 0.922]
[t-softmax acc: 0.297]	[t-top20 acc: 0.703]	[t-top100 acc: 0.859]
==============[68800] 31.2486 4.8089	 30.2244 7.1166==============
[softmax acc: 0.453]	[top20 acc: 0.766]	[top100 acc: 0.828]
[t-softmax acc: 0.328]	[t-top20 acc: 0.578]	[t-top100 acc: 0.688]
==============[69200] 5.8739 3.5204	 36.0504 4.0203==============
[softmax acc: 0.547]	[top20 acc: 0.859]	[top100 acc: 0.938]
[t-softmax acc: 0.359]	[t-top20 acc: 0.703]	[t-top100 acc: 0.922]
==============[69600] 4.3789 2.9796	 39.8736 4.6927==============
[softmax acc: 0.547]	[top20 acc: 0.906]	[top100 acc: 0.922]
[t-softmax acc: 0.406]	[t-top20 acc: 0.719]	[t-top100 acc: 0.875]
==============[70000] 15.5332 4.5379	 85.7187 3.6273==============
[softmax acc: 0.484]	[top20 acc: 0.828]	[top100 acc: 0.844]
[t-softmax acc: 0.484]	[t-top20 acc: 0.828]	[t-top100 acc: 0.906]
==============[70400] 15.5250 3.9497	 26.9546 5.2953==============
[softmax acc: 0.578]	[top20 acc: 0.891]	[top100 acc: 0.938]
[t-softmax acc: 0.297]	[t-top20 acc: 0.594]	[t-top100 acc: 0.844]
==============[70800] 27.2602 4.3136	 28.7966 5.5399==============
[softmax acc: 0.453]	[top20 acc: 0.703]	[top100 acc: 0.766]
[t-softmax acc: 0.344]	[t-top20 acc: 0.719]	[t-top100 acc: 0.781]
==============[71200] 5.8075 4.0571	 60.6892 6.0874==============
[softmax acc: 0.531]	[top20 acc: 0.828]	[top100 acc: 0.875]
[t-softmax acc: 0.500]	[t-top20 acc: 0.734]	[t-top100 acc: 0.812]
==============[71600] 25.5954 5.0389	 14.8216 4.3433==============
[softmax acc: 0.484]	[top20 acc: 0.844]	[top100 acc: 0.844]
[t-softmax acc: 0.438]	[t-top20 acc: 0.734]	[t-top100 acc: 0.875]
==============[72000] 23.9517 4.4504	 30.9381 4.7724==============
[softmax acc: 0.531]	[top20 acc: 0.719]	[top100 acc: 0.891]
[t-softmax acc: 0.422]	[t-top20 acc: 0.734]	[t-top100 acc: 0.812]
==============[72400] 30.3705 5.0880	 13.7542 4.9553==============
[softmax acc: 0.469]	[top20 acc: 0.875]	[top100 acc: 0.891]
[t-softmax acc: 0.281]	[t-top20 acc: 0.719]	[t-top100 acc: 0.875]
==============[72800] 36.4943 4.3642	 5.5382 5.0847==============
[softmax acc: 0.516]	[top20 acc: 0.781]	[top100 acc: 0.844]
[t-softmax acc: 0.375]	[t-top20 acc: 0.719]	[t-top100 acc: 0.781]
==============[73200] 29.1356 3.4195	 19.0144 4.9355==============
[softmax acc: 0.547]	[top20 acc: 0.781]	[top100 acc: 0.922]
[t-softmax acc: 0.297]	[t-top20 acc: 0.609]	[t-top100 acc: 0.891]
==============[73600] 33.9111 4.4801	 38.4902 3.3886==============
[softmax acc: 0.531]	[top20 acc: 0.844]	[top100 acc: 0.922]
[t-softmax acc: 0.438]	[t-top20 acc: 0.781]	[t-top100 acc: 0.938]
==============[74000] 28.9519 4.3504	 30.1518 3.1617==============
[softmax acc: 0.453]	[top20 acc: 0.844]	[top100 acc: 0.844]
[t-softmax acc: 0.391]	[t-top20 acc: 0.828]	[t-top100 acc: 0.953]
==============[74400] 40.0726 5.0413	 7.8419 7.8176==============
[softmax acc: 0.469]	[top20 acc: 0.891]	[top100 acc: 0.891]
[t-softmax acc: 0.484]	[t-top20 acc: 0.734]	[t-top100 acc: 0.812]
==============[74800] 24.6283 2.6812	 27.7579 3.7545==============
[softmax acc: 0.516]	[top20 acc: 0.969]	[top100 acc: 0.969]
[t-softmax acc: 0.469]	[t-top20 acc: 0.875]	[t-top100 acc: 0.922]
==============[75200] 13.6854 2.8854	 41.1194 3.6905==============
[softmax acc: 0.500]	[top20 acc: 0.875]	[top100 acc: 0.953]
[t-softmax acc: 0.375]	[t-top20 acc: 0.828]	[t-top100 acc: 0.906]
==============[75600] 5.3858 4.3608	 28.7623 4.0325==============
[softmax acc: 0.438]	[top20 acc: 0.859]	[top100 acc: 0.891]
[t-softmax acc: 0.453]	[t-top20 acc: 0.781]	[t-top100 acc: 0.891]
==============[76000] 3.9790 4.3237	 12.8164 3.5053==============
[softmax acc: 0.406]	[top20 acc: 0.812]	[top100 acc: 0.875]
[t-softmax acc: 0.500]	[t-top20 acc: 0.781]	[t-top100 acc: 0.906]
==============[76400] 16.3549 3.7629	 15.2811 5.6707==============
[softmax acc: 0.547]	[top20 acc: 0.828]	[top100 acc: 0.891]
[t-softmax acc: 0.391]	[t-top20 acc: 0.766]	[t-top100 acc: 0.797]
==============[76800] 40.5590 4.1818	 14.5040 5.7936==============
[softmax acc: 0.562]	[top20 acc: 0.750]	[top100 acc: 0.828]
[t-softmax acc: 0.391]	[t-top20 acc: 0.703]	[t-top100 acc: 0.891]
==============[77200] 17.0628 3.6680	 13.9091 4.0762==============
[softmax acc: 0.500]	[top20 acc: 0.922]	[top100 acc: 0.938]
[t-softmax acc: 0.391]	[t-top20 acc: 0.719]	[t-top100 acc: 0.875]
==============[77600] 26.8703 3.0667	 23.0410 5.6016==============
[softmax acc: 0.594]	[top20 acc: 0.938]	[top100 acc: 0.969]
[t-softmax acc: 0.312]	[t-top20 acc: 0.656]	[t-top100 acc: 0.781]
==============[78000] 5.0941 5.6055	 16.4539 6.2597==============
[softmax acc: 0.438]	[top20 acc: 0.750]	[top100 acc: 0.797]
[t-softmax acc: 0.250]	[t-top20 acc: 0.656]	[t-top100 acc: 0.734]
==============[78400] 10.9481 4.6112	 46.1844 3.9071==============
[softmax acc: 0.500]	[top20 acc: 0.828]	[top100 acc: 0.875]
[t-softmax acc: 0.531]	[t-top20 acc: 0.844]	[t-top100 acc: 0.875]
==============[78800] 4.3781 4.3225	 16.0297 4.2726==============
[softmax acc: 0.422]	[top20 acc: 0.766]	[top100 acc: 0.812]
[t-softmax acc: 0.375]	[t-top20 acc: 0.719]	[t-top100 acc: 0.859]
==============[79200] 13.1625 3.5995	 14.2871 5.0705==============
[softmax acc: 0.547]	[top20 acc: 0.781]	[top100 acc: 0.875]
[t-softmax acc: 0.359]	[t-top20 acc: 0.672]	[t-top100 acc: 0.812]
==============[79600] 26.7573 3.4605	 19.3904 5.4569==============
[softmax acc: 0.500]	[top20 acc: 0.875]	[top100 acc: 0.938]
[t-softmax acc: 0.344]	[t-top20 acc: 0.672]	[t-top100 acc: 0.797]
==============[80000] 5.7989 3.8469	 26.8433 4.0398==============
[softmax acc: 0.438]	[top20 acc: 0.828]	[top100 acc: 0.891]
[t-softmax acc: 0.297]	[t-top20 acc: 0.766]	[t-top100 acc: 0.938]
==============[80400] 17.1332 4.8676	 15.8638 5.3600==============
[softmax acc: 0.562]	[top20 acc: 0.719]	[top100 acc: 0.812]
[t-softmax acc: 0.406]	[t-top20 acc: 0.719]	[t-top100 acc: 0.797]
==============[80800] 11.6205 4.5125	 16.1344 4.0488==============
[softmax acc: 0.422]	[top20 acc: 0.688]	[top100 acc: 0.844]
[t-softmax acc: 0.359]	[t-top20 acc: 0.688]	[t-top100 acc: 0.922]
==============[81200] 17.6995 4.1739	 35.6499 5.9376==============
[softmax acc: 0.484]	[top20 acc: 0.766]	[top100 acc: 0.844]
[t-softmax acc: 0.375]	[t-top20 acc: 0.688]	[t-top100 acc: 0.812]
==============[81600] 3.1196 3.3573	 16.7898 3.9365==============
[softmax acc: 0.578]	[top20 acc: 0.828]	[top100 acc: 0.875]
[t-softmax acc: 0.438]	[t-top20 acc: 0.734]	[t-top100 acc: 0.828]
==============[82000] 5.6881 4.3414	 15.2631 5.3282==============
[softmax acc: 0.406]	[top20 acc: 0.609]	[top100 acc: 0.781]
[t-softmax acc: 0.266]	[t-top20 acc: 0.531]	[t-top100 acc: 0.781]
==============[82400] 15.0339 4.9167	 27.0507 5.5045==============
[softmax acc: 0.562]	[top20 acc: 0.844]	[top100 acc: 0.891]
[t-softmax acc: 0.281]	[t-top20 acc: 0.641]	[t-top100 acc: 0.719]
==============[82800] 35.0530 3.1092	 36.5322 3.9715==============
[softmax acc: 0.375]	[top20 acc: 0.734]	[top100 acc: 0.797]
[t-softmax acc: 0.422]	[t-top20 acc: 0.766]	[t-top100 acc: 0.844]
==============[83200] 36.1802 4.5859	 15.4534 4.8161==============
[softmax acc: 0.469]	[top20 acc: 0.641]	[top100 acc: 0.812]
[t-softmax acc: 0.344]	[t-top20 acc: 0.625]	[t-top100 acc: 0.828]
==============[83600] 11.0177 4.5356	 38.4681 4.7368==============
[softmax acc: 0.500]	[top20 acc: 0.766]	[top100 acc: 0.906]
[t-softmax acc: 0.359]	[t-top20 acc: 0.656]	[t-top100 acc: 0.906]
==============[84000] 45.8830 5.1718	 51.1208 5.5430==============
[softmax acc: 0.516]	[top20 acc: 0.766]	[top100 acc: 0.875]
[t-softmax acc: 0.391]	[t-top20 acc: 0.609]	[t-top100 acc: 0.719]
==============[84400] 5.7846 4.0318	 13.5856 5.1199==============
[softmax acc: 0.562]	[top20 acc: 0.828]	[top100 acc: 0.922]
[t-softmax acc: 0.375]	[t-top20 acc: 0.672]	[t-top100 acc: 0.750]
==============[84800] 20.7976 5.4316	 4.5094 4.4882==============
[softmax acc: 0.406]	[top20 acc: 0.812]	[top100 acc: 0.891]
[t-softmax acc: 0.328]	[t-top20 acc: 0.750]	[t-top100 acc: 0.922]
==============[85200] 17.2561 4.0428	 27.7283 3.6664==============
[softmax acc: 0.672]	[top20 acc: 0.922]	[top100 acc: 0.938]
[t-softmax acc: 0.469]	[t-top20 acc: 0.828]	[t-top100 acc: 0.953]
==============[85600] 4.0426 4.2571	 17.5708 4.6378==============
[softmax acc: 0.625]	[top20 acc: 0.844]	[top100 acc: 0.938]
[t-softmax acc: 0.359]	[t-top20 acc: 0.734]	[t-top100 acc: 0.828]
==============[86000] 15.2885 5.2692	 4.0532 5.3728==============
[softmax acc: 0.469]	[top20 acc: 0.766]	[top100 acc: 0.812]
[t-softmax acc: 0.297]	[t-top20 acc: 0.734]	[t-top100 acc: 0.828]
==============[86400] 15.2514 2.4856	 4.3518 4.7230==============
[softmax acc: 0.578]	[top20 acc: 0.953]	[top100 acc: 0.953]
[t-softmax acc: 0.359]	[t-top20 acc: 0.734]	[t-top100 acc: 0.859]
==============[86800] 12.9473 2.7628	 16.0896 4.1749==============
[softmax acc: 0.578]	[top20 acc: 0.969]	[top100 acc: 0.969]
[t-softmax acc: 0.469]	[t-top20 acc: 0.766]	[t-top100 acc: 0.812]
==============[87200] 4.6218 3.5817	 3.9758 3.7708==============
[softmax acc: 0.594]	[top20 acc: 0.891]	[top100 acc: 0.938]
[t-softmax acc: 0.406]	[t-top20 acc: 0.797]	[t-top100 acc: 0.906]
==============[87600] 4.2095 4.5655	 15.7790 3.5789==============
[softmax acc: 0.578]	[top20 acc: 0.891]	[top100 acc: 0.906]
[t-softmax acc: 0.516]	[t-top20 acc: 0.875]	[t-top100 acc: 0.922]
==============[88000] 3.7412 3.4259	 5.2359 4.5357==============
[softmax acc: 0.578]	[top20 acc: 0.859]	[top100 acc: 0.906]
[t-softmax acc: 0.531]	[t-top20 acc: 0.859]	[t-top100 acc: 0.938]
==============[88400] 4.0994 3.4469	 13.6870 3.3676==============
[softmax acc: 0.484]	[top20 acc: 0.922]	[top100 acc: 0.922]
[t-softmax acc: 0.500]	[t-top20 acc: 0.859]	[t-top100 acc: 0.922]
==============[88800] 3.4785 3.8932	 3.7016 4.1260==============
[softmax acc: 0.484]	[top20 acc: 0.828]	[top100 acc: 0.891]
[t-softmax acc: 0.375]	[t-top20 acc: 0.781]	[t-top100 acc: 0.875]
==============[89200] 4.8560 4.2100	 3.7592 3.6382==============
[softmax acc: 0.469]	[top20 acc: 0.844]	[top100 acc: 0.875]
[t-softmax acc: 0.375]	[t-top20 acc: 0.828]	[t-top100 acc: 0.906]
==============[89600] 27.3281 6.5350	 5.7598 4.3723==============
[softmax acc: 0.375]	[top20 acc: 0.781]	[top100 acc: 0.812]
[t-softmax acc: 0.359]	[t-top20 acc: 0.766]	[t-top100 acc: 0.891]
==============[90000] 25.3094 4.7954	 5.1426 5.4242==============
[softmax acc: 0.516]	[top20 acc: 0.812]	[top100 acc: 0.812]
[t-softmax acc: 0.391]	[t-top20 acc: 0.625]	[t-top100 acc: 0.750]
==============[90400] 4.2970 3.8389	 12.5888 4.5989==============
[softmax acc: 0.578]	[top20 acc: 0.812]	[top100 acc: 0.938]
[t-softmax acc: 0.422]	[t-top20 acc: 0.750]	[t-top100 acc: 0.891]
==============[90800] 4.0386 3.5469	 50.6284 4.5387==============
[softmax acc: 0.500]	[top20 acc: 0.844]	[top100 acc: 0.938]
[t-softmax acc: 0.312]	[t-top20 acc: 0.734]	[t-top100 acc: 0.906]
==============[91200] 21.3643 3.7957	 4.2328 3.4937==============
[softmax acc: 0.500]	[top20 acc: 0.875]	[top100 acc: 0.922]
[t-softmax acc: 0.391]	[t-top20 acc: 0.812]	[t-top100 acc: 0.906]
==============[91600] 22.6310 3.8459	 13.8583 4.7184==============
[softmax acc: 0.578]	[top20 acc: 0.844]	[top100 acc: 0.875]
[t-softmax acc: 0.359]	[t-top20 acc: 0.688]	[t-top100 acc: 0.766]
==============[92000] 27.0743 4.2021	 15.6958 3.6136==============
[softmax acc: 0.516]	[top20 acc: 0.812]	[top100 acc: 0.859]
[t-softmax acc: 0.422]	[t-top20 acc: 0.812]	[t-top100 acc: 0.891]
==============[92400] 36.9059 4.6382	 4.0544 4.0971==============
[softmax acc: 0.484]	[top20 acc: 0.891]	[top100 acc: 0.922]
[t-softmax acc: 0.469]	[t-top20 acc: 0.781]	[t-top100 acc: 0.844]
==============[92800] 4.7446 4.2151	 26.9295 3.6959==============
[softmax acc: 0.562]	[top20 acc: 0.812]	[top100 acc: 0.859]
[t-softmax acc: 0.359]	[t-top20 acc: 0.844]	[t-top100 acc: 0.922]
==============[93200] 13.4862 2.6636	 15.1922 4.9329==============
[softmax acc: 0.672]	[top20 acc: 0.953]	[top100 acc: 0.953]
[t-softmax acc: 0.297]	[t-top20 acc: 0.703]	[t-top100 acc: 0.828]
==============[93600] 15.1451 3.5123	 16.6494 5.5228==============
[softmax acc: 0.547]	[top20 acc: 0.891]	[top100 acc: 0.906]
[t-softmax acc: 0.391]	[t-top20 acc: 0.656]	[t-top100 acc: 0.828]
==============[94000] 16.4645 4.4081	 14.9150 4.8408==============
[softmax acc: 0.438]	[top20 acc: 0.828]	[top100 acc: 0.844]
[t-softmax acc: 0.500]	[t-top20 acc: 0.797]	[t-top100 acc: 0.828]
==============[94400] 23.7011 3.4605	 4.2684 5.1039==============
[softmax acc: 0.562]	[top20 acc: 0.859]	[top100 acc: 0.891]
[t-softmax acc: 0.297]	[t-top20 acc: 0.625]	[t-top100 acc: 0.828]
==============[94800] 17.3093 5.0495	 32.5222 3.1241==============
[softmax acc: 0.469]	[top20 acc: 0.750]	[top100 acc: 0.781]
[t-softmax acc: 0.422]	[t-top20 acc: 0.859]	[t-top100 acc: 0.922]
==============[95200] 21.1048 5.1101	 27.7222 6.2161==============
[softmax acc: 0.500]	[top20 acc: 0.797]	[top100 acc: 0.828]
[t-softmax acc: 0.375]	[t-top20 acc: 0.719]	[t-top100 acc: 0.797]
==============[95600] 3.9491 4.0737	 28.0436 4.4571==============
[softmax acc: 0.500]	[top20 acc: 0.891]	[top100 acc: 0.891]
[t-softmax acc: 0.359]	[t-top20 acc: 0.750]	[t-top100 acc: 0.844]
==============[96000] 16.1263 6.4226	 29.1268 4.8101==============
[softmax acc: 0.406]	[top20 acc: 0.781]	[top100 acc: 0.781]
[t-softmax acc: 0.328]	[t-top20 acc: 0.703]	[t-top100 acc: 0.844]
==============[96400] 13.9860 3.8909	 37.3136 3.7451==============
[softmax acc: 0.625]	[top20 acc: 0.891]	[top100 acc: 0.922]
[t-softmax acc: 0.312]	[t-top20 acc: 0.734]	[t-top100 acc: 0.906]
==============[96800] 3.4058 3.0519	 17.3176 5.0525==============
[softmax acc: 0.516]	[top20 acc: 0.828]	[top100 acc: 0.938]
[t-softmax acc: 0.281]	[t-top20 acc: 0.703]	[t-top100 acc: 0.812]
==============[97200] 4.7409 4.4505	 4.1724 3.0179==============
[softmax acc: 0.531]	[top20 acc: 0.859]	[top100 acc: 0.922]
[t-softmax acc: 0.500]	[t-top20 acc: 0.859]	[t-top100 acc: 0.922]
==============[97600] 3.3571 3.2831	 13.4979 4.7850==============
[softmax acc: 0.516]	[top20 acc: 0.906]	[top100 acc: 0.938]
[t-softmax acc: 0.438]	[t-top20 acc: 0.734]	[t-top100 acc: 0.766]
==============[98000] 26.8618 3.1166	 28.5057 4.2840==============
[softmax acc: 0.578]	[top20 acc: 0.906]	[top100 acc: 0.922]
[t-softmax acc: 0.469]	[t-top20 acc: 0.781]	[t-top100 acc: 0.828]
==============[98400] 14.5618 3.3233	 13.8607 3.9596==============
[softmax acc: 0.641]	[top20 acc: 0.922]	[top100 acc: 0.938]
[t-softmax acc: 0.375]	[t-top20 acc: 0.766]	[t-top100 acc: 0.891]
==============[98800] 3.5888 3.5737	 24.2232 3.5814==============
[softmax acc: 0.547]	[top20 acc: 0.844]	[top100 acc: 0.906]
[t-softmax acc: 0.391]	[t-top20 acc: 0.766]	[t-top100 acc: 0.922]
==============[99200] 15.5799 3.8857	 4.9201 4.3201==============
[softmax acc: 0.547]	[top20 acc: 0.859]	[top100 acc: 0.906]
[t-softmax acc: 0.359]	[t-top20 acc: 0.781]	[t-top100 acc: 0.906]
==============[99600] 29.6680 3.1153	 3.2569 2.6354==============
[softmax acc: 0.625]	[top20 acc: 0.938]	[top100 acc: 0.938]
[t-softmax acc: 0.594]	[t-top20 acc: 0.875]	[t-top100 acc: 0.922]
==============[100000] 16.3562 3.4842	 4.2893 4.5866==============
[softmax acc: 0.484]	[top20 acc: 0.766]	[top100 acc: 0.906]
[t-softmax acc: 0.266]	[t-top20 acc: 0.641]	[t-top100 acc: 0.859]
==============[100400] 41.5636 3.4226	 3.2136 4.8955==============
[softmax acc: 0.484]	[top20 acc: 0.859]	[top100 acc: 0.891]
[t-softmax acc: 0.422]	[t-top20 acc: 0.844]	[t-top100 acc: 0.859]
==============[100800] 4.2139 3.8999	 15.2078 4.2379==============
[softmax acc: 0.438]	[top20 acc: 0.734]	[top100 acc: 0.828]
[t-softmax acc: 0.438]	[t-top20 acc: 0.734]	[t-top100 acc: 0.812]
==============[101200] 5.3554 3.6577	 4.8059 4.9181==============
[softmax acc: 0.484]	[top20 acc: 0.922]	[top100 acc: 0.938]
[t-softmax acc: 0.484]	[t-top20 acc: 0.781]	[t-top100 acc: 0.859]
==============[101600] 4.2101 4.7219	 5.1763 4.6125==============
[softmax acc: 0.500]	[top20 acc: 0.891]	[top100 acc: 0.906]
[t-softmax acc: 0.297]	[t-top20 acc: 0.750]	[t-top100 acc: 0.797]
==============[102000] 13.5078 3.6761	 17.7793 3.7859==============
[softmax acc: 0.531]	[top20 acc: 0.797]	[top100 acc: 0.875]
[t-softmax acc: 0.344]	[t-top20 acc: 0.797]	[t-top100 acc: 0.906]
==============[102400] 4.2824 3.3229	 16.5818 4.2346==============
[softmax acc: 0.516]	[top20 acc: 0.891]	[top100 acc: 0.891]
[t-softmax acc: 0.359]	[t-top20 acc: 0.766]	[t-top100 acc: 0.859]
==============[102800] 25.4309 4.9974	 6.0080 4.4961==============
[softmax acc: 0.562]	[top20 acc: 0.828]	[top100 acc: 0.891]
[t-softmax acc: 0.359]	[t-top20 acc: 0.766]	[t-top100 acc: 0.844]
==============[103200] 26.1325 2.5859	 29.8948 4.0977==============
[softmax acc: 0.641]	[top20 acc: 0.938]	[top100 acc: 0.938]
[t-softmax acc: 0.438]	[t-top20 acc: 0.812]	[t-top100 acc: 0.875]
==============[103600] 17.0152 3.0371	 15.8155 3.8088==============
[softmax acc: 0.656]	[top20 acc: 0.906]	[top100 acc: 0.938]
[t-softmax acc: 0.406]	[t-top20 acc: 0.812]	[t-top100 acc: 0.875]
==============[104000] 24.5157 3.0803	 3.8617 3.3066==============
[softmax acc: 0.703]	[top20 acc: 0.938]	[top100 acc: 0.938]
[t-softmax acc: 0.516]	[t-top20 acc: 0.859]	[t-top100 acc: 0.922]
==============[104400] 3.3562 3.2702	 4.3081 4.4800==============
[softmax acc: 0.641]	[top20 acc: 0.875]	[top100 acc: 0.891]
[t-softmax acc: 0.469]	[t-top20 acc: 0.734]	[t-top100 acc: 0.844]
==============[104800] 3.4742 3.7814	 3.7590 4.1862==============
[softmax acc: 0.688]	[top20 acc: 0.875]	[top100 acc: 0.875]
[t-softmax acc: 0.297]	[t-top20 acc: 0.812]	[t-top100 acc: 0.875]
==============[105200] 27.1277 4.6166	 15.2769 4.5181==============
[softmax acc: 0.531]	[top20 acc: 0.781]	[top100 acc: 0.875]
[t-softmax acc: 0.344]	[t-top20 acc: 0.750]	[t-top100 acc: 0.797]
==============[105600] 48.1066 3.5968	 5.0187 4.1273==============
[softmax acc: 0.641]	[top20 acc: 0.906]	[top100 acc: 0.922]
[t-softmax acc: 0.312]	[t-top20 acc: 0.812]	[t-top100 acc: 0.906]
==============[106000] 3.6087 3.7804	 14.3868 5.1102==============
[softmax acc: 0.625]	[top20 acc: 0.828]	[top100 acc: 0.844]
[t-softmax acc: 0.344]	[t-top20 acc: 0.719]	[t-top100 acc: 0.766]
==============[106400] 3.7481 3.8310	 3.8605 3.4636==============
[softmax acc: 0.484]	[top20 acc: 0.875]	[top100 acc: 0.891]
[t-softmax acc: 0.266]	[t-top20 acc: 0.797]	[t-top100 acc: 0.969]
==============[106800] 3.2639 2.7423	 24.9509 3.2584==============
[softmax acc: 0.609]	[top20 acc: 0.859]	[top100 acc: 0.938]
[t-softmax acc: 0.469]	[t-top20 acc: 0.797]	[t-top100 acc: 0.953]
==============[107200] 13.0999 2.6472	 4.5953 4.2793==============
[softmax acc: 0.672]	[top20 acc: 0.906]	[top100 acc: 0.922]
[t-softmax acc: 0.391]	[t-top20 acc: 0.766]	[t-top100 acc: 0.844]
==============[107600] 14.5571 4.5971	 12.7039 3.8717==============
[softmax acc: 0.500]	[top20 acc: 0.844]	[top100 acc: 0.859]
[t-softmax acc: 0.438]	[t-top20 acc: 0.797]	[t-top100 acc: 0.875]
==============[108000] 4.6857 3.8193	 4.3352 4.3335==============
[softmax acc: 0.594]	[top20 acc: 0.906]	[top100 acc: 0.906]
[t-softmax acc: 0.406]	[t-top20 acc: 0.734]	[t-top100 acc: 0.828]
==============[108400] 13.9113 2.3673	 3.7547 4.2852==============
[softmax acc: 0.656]	[top20 acc: 0.953]	[top100 acc: 0.969]
[t-softmax acc: 0.422]	[t-top20 acc: 0.797]	[t-top100 acc: 0.875]
==============[108800] 12.2617 3.4090	 36.3336 4.1618==============
[softmax acc: 0.578]	[top20 acc: 0.906]	[top100 acc: 0.906]
[t-softmax acc: 0.312]	[t-top20 acc: 0.766]	[t-top100 acc: 0.938]
==============[109200] 13.0596 3.4356	 25.7601 3.8839==============
[softmax acc: 0.469]	[top20 acc: 0.719]	[top100 acc: 0.875]
[t-softmax acc: 0.406]	[t-top20 acc: 0.719]	[t-top100 acc: 0.922]
==============[109600] 14.5177 3.0053	 3.0417 3.6496==============
[softmax acc: 0.672]	[top20 acc: 0.922]	[top100 acc: 0.953]
[t-softmax acc: 0.422]	[t-top20 acc: 0.797]	[t-top100 acc: 0.859]
==============[110000] 22.2032 2.1993	 4.1511 4.1945==============
[softmax acc: 0.609]	[top20 acc: 0.953]	[top100 acc: 0.969]
[t-softmax acc: 0.438]	[t-top20 acc: 0.766]	[t-top100 acc: 0.859]
==============[110400] 25.9674 2.4087	 15.4475 3.3727==============
[softmax acc: 0.594]	[top20 acc: 0.969]	[top100 acc: 0.969]
[t-softmax acc: 0.453]	[t-top20 acc: 0.844]	[t-top100 acc: 0.906]
==============[110800] 38.2370 3.7011	 4.9873 3.4653==============
[softmax acc: 0.578]	[top20 acc: 0.922]	[top100 acc: 0.969]
[t-softmax acc: 0.516]	[t-top20 acc: 0.766]	[t-top100 acc: 0.906]
==============[111200] 15.4801 3.3221	 3.5555 3.3968==============
[softmax acc: 0.594]	[top20 acc: 0.875]	[top100 acc: 0.891]
[t-softmax acc: 0.438]	[t-top20 acc: 0.875]	[t-top100 acc: 0.906]
==============[111600] 3.0076 3.0823	 4.0564 2.7276==============
[softmax acc: 0.641]	[top20 acc: 0.891]	[top100 acc: 0.922]
[t-softmax acc: 0.516]	[t-top20 acc: 0.859]	[t-top100 acc: 0.922]
==============[112000] 2.9506 3.6471	 4.5262 3.3054==============
[softmax acc: 0.578]	[top20 acc: 0.891]	[top100 acc: 0.922]
[t-softmax acc: 0.469]	[t-top20 acc: 0.875]	[t-top100 acc: 0.938]
==============[112400] 2.6357 2.9488	 3.6210 2.5778==============
[softmax acc: 0.734]	[top20 acc: 0.922]	[top100 acc: 0.938]
[t-softmax acc: 0.547]	[t-top20 acc: 0.891]	[t-top100 acc: 0.953]
==============[112800] 4.8162 4.0499	 3.6936 3.5636==============
[softmax acc: 0.406]	[top20 acc: 0.844]	[top100 acc: 0.875]
[t-softmax acc: 0.438]	[t-top20 acc: 0.844]	[t-top100 acc: 0.906]
==============[113200] 16.5249 3.5953	 4.2328 4.0400==============
[softmax acc: 0.531]	[top20 acc: 0.828]	[top100 acc: 0.922]
[t-softmax acc: 0.375]	[t-top20 acc: 0.797]	[t-top100 acc: 0.891]
==============[113600] 14.0532 2.4845	 3.9104 3.8594==============
[softmax acc: 0.625]	[top20 acc: 0.891]	[top100 acc: 0.969]
[t-softmax acc: 0.375]	[t-top20 acc: 0.812]	[t-top100 acc: 0.906]
==============[114000] 2.6124 2.8741	 14.3738 3.4741==============
[softmax acc: 0.656]	[top20 acc: 0.922]	[top100 acc: 0.922]
[t-softmax acc: 0.375]	[t-top20 acc: 0.797]	[t-top100 acc: 0.922]
==============[114400] 12.2484 3.8782	 29.4701 2.4032==============
[softmax acc: 0.594]	[top20 acc: 0.922]	[top100 acc: 0.922]
[t-softmax acc: 0.500]	[t-top20 acc: 0.906]	[t-top100 acc: 0.969]
==============[114800] 3.8119 3.9497	 4.8179 4.9506==============
[softmax acc: 0.562]	[top20 acc: 0.812]	[top100 acc: 0.828]
[t-softmax acc: 0.359]	[t-top20 acc: 0.734]	[t-top100 acc: 0.797]
==============[115200] 3.4454 3.4673	 3.4545 3.5295==============
[softmax acc: 0.625]	[top20 acc: 0.891]	[top100 acc: 0.906]
[t-softmax acc: 0.391]	[t-top20 acc: 0.828]	[t-top100 acc: 0.922]
==============[115600] 14.6026 2.6765	 14.6787 4.5818==============
[softmax acc: 0.594]	[top20 acc: 0.922]	[top100 acc: 0.938]
[t-softmax acc: 0.281]	[t-top20 acc: 0.812]	[t-top100 acc: 0.891]
==============[116000] 37.3882 2.8726	 3.9121 4.2175==============
[softmax acc: 0.625]	[top20 acc: 0.844]	[top100 acc: 0.922]
[t-softmax acc: 0.359]	[t-top20 acc: 0.766]	[t-top100 acc: 0.859]
==============[116400] 3.4183 2.5335	 2.9701 2.9159==============
[softmax acc: 0.688]	[top20 acc: 0.953]	[top100 acc: 0.953]
[t-softmax acc: 0.438]	[t-top20 acc: 0.922]	[t-top100 acc: 0.922]
==============[116800] 15.1391 2.3013	 27.3416 3.6781==============
[softmax acc: 0.641]	[top20 acc: 0.969]	[top100 acc: 0.984]
[t-softmax acc: 0.469]	[t-top20 acc: 0.812]	[t-top100 acc: 0.922]
==============[117200] 2.7848 3.1687	 14.5559 3.1048==============
[softmax acc: 0.609]	[top20 acc: 0.922]	[top100 acc: 0.938]
[t-softmax acc: 0.453]	[t-top20 acc: 0.875]	[t-top100 acc: 0.938]
==============[117600] 14.6930 2.8921	 13.1363 3.7552==============
[softmax acc: 0.688]	[top20 acc: 0.938]	[top100 acc: 0.953]
[t-softmax acc: 0.328]	[t-top20 acc: 0.828]	[t-top100 acc: 0.891]
==============[118000] 2.5350 2.7819	 4.1438 3.3792==============
[softmax acc: 0.719]	[top20 acc: 0.922]	[top100 acc: 0.922]
[t-softmax acc: 0.438]	[t-top20 acc: 0.797]	[t-top100 acc: 0.906]
==============[118400] 14.6756 2.8612	 3.9976 3.7861==============
[softmax acc: 0.625]	[top20 acc: 0.875]	[top100 acc: 0.922]
[t-softmax acc: 0.422]	[t-top20 acc: 0.859]	[t-top100 acc: 0.906]
==============[118800] 3.4846 3.9725	 16.0282 4.0711==============
[softmax acc: 0.625]	[top20 acc: 0.844]	[top100 acc: 0.875]
[t-softmax acc: 0.359]	[t-top20 acc: 0.828]	[t-top100 acc: 0.859]
==============[119200] 3.1364 2.4890	 11.4866 2.3951==============
[softmax acc: 0.734]	[top20 acc: 0.906]	[top100 acc: 0.906]
[t-softmax acc: 0.531]	[t-top20 acc: 0.906]	[t-top100 acc: 0.953]
==============[119600] 2.7915 2.9827	 3.6709 3.8980==============
[softmax acc: 0.594]	[top20 acc: 0.891]	[top100 acc: 0.906]
[t-softmax acc: 0.453]	[t-top20 acc: 0.812]	[t-top100 acc: 0.859]
==============[120000] 3.0057 1.9538	 3.7920 2.9460==============
[softmax acc: 0.812]	[top20 acc: 0.969]	[top100 acc: 0.969]
[t-softmax acc: 0.484]	[t-top20 acc: 0.875]	[t-top100 acc: 0.922]
==============[120400] 2.8367 3.0239	 14.0480 4.0196==============
[softmax acc: 0.688]	[top20 acc: 0.891]	[top100 acc: 0.906]
[t-softmax acc: 0.438]	[t-top20 acc: 0.797]	[t-top100 acc: 0.859]
==============[120800] 2.6404 2.6967	 12.7375 3.4062==============
[softmax acc: 0.656]	[top20 acc: 0.906]	[top100 acc: 0.938]
[t-softmax acc: 0.469]	[t-top20 acc: 0.812]	[t-top100 acc: 0.984]
==============[121200] 16.0864 2.1643	 4.4643 4.0425==============
[softmax acc: 0.641]	[top20 acc: 0.953]	[top100 acc: 0.953]
[t-softmax acc: 0.297]	[t-top20 acc: 0.812]	[t-top100 acc: 0.906]
==============[121600] 19.8183 1.8305	 3.8222 3.5432==============
[softmax acc: 0.672]	[top20 acc: 0.969]	[top100 acc: 0.969]
[t-softmax acc: 0.516]	[t-top20 acc: 0.797]	[t-top100 acc: 0.891]
==============[122000] 2.9591 5.0725	 29.2021 4.4824==============
[softmax acc: 0.500]	[top20 acc: 0.750]	[top100 acc: 0.859]
[t-softmax acc: 0.406]	[t-top20 acc: 0.641]	[t-top100 acc: 0.875]
==============[122400] 16.6159 3.5039	 4.0593 3.8012==============
[softmax acc: 0.531]	[top20 acc: 0.906]	[top100 acc: 0.906]
[t-softmax acc: 0.422]	[t-top20 acc: 0.828]	[t-top100 acc: 0.906]
==============[122800] 3.3703 3.9290	 38.1999 4.7188==============
[softmax acc: 0.578]	[top20 acc: 0.875]	[top100 acc: 0.891]
[t-softmax acc: 0.219]	[t-top20 acc: 0.766]	[t-top100 acc: 0.859]
==============[123200] 13.1306 2.0431	 13.7366 3.7920==============
[softmax acc: 0.656]	[top20 acc: 0.984]	[top100 acc: 0.984]
[t-softmax acc: 0.500]	[t-top20 acc: 0.812]	[t-top100 acc: 0.875]
==============[123600] 3.1057 2.6975	 14.5567 4.0018==============
[softmax acc: 0.609]	[top20 acc: 0.953]	[top100 acc: 0.953]
[t-softmax acc: 0.344]	[t-top20 acc: 0.859]	[t-top100 acc: 0.891]
==============[124000] 2.9385 2.9928	 4.2888 3.4234==============
[softmax acc: 0.703]	[top20 acc: 0.922]	[top100 acc: 0.922]
[t-softmax acc: 0.438]	[t-top20 acc: 0.844]	[t-top100 acc: 0.906]
==============[124400] 3.0951 3.0872	 16.4567 3.4096==============
[softmax acc: 0.625]	[top20 acc: 0.922]	[top100 acc: 0.922]
[t-softmax acc: 0.391]	[t-top20 acc: 0.875]	[t-top100 acc: 0.891]
==============[124800] 11.7246 3.1262	 3.0014 3.7018==============
[softmax acc: 0.672]	[top20 acc: 0.906]	[top100 acc: 0.922]
[t-softmax acc: 0.344]	[t-top20 acc: 0.875]	[t-top100 acc: 0.906]
==============[125200] 14.8336 2.1525	 4.5275 4.4844==============
[softmax acc: 0.750]	[top20 acc: 0.953]	[top100 acc: 0.984]
[t-softmax acc: 0.328]	[t-top20 acc: 0.734]	[t-top100 acc: 0.859]
==============[125600] 3.8022 3.5564	 13.6709 3.6097==============
[softmax acc: 0.609]	[top20 acc: 0.828]	[top100 acc: 0.859]
[t-softmax acc: 0.406]	[t-top20 acc: 0.844]	[t-top100 acc: 0.906]
==============[126000] 15.1103 3.6059	 13.3236 4.5699==============
[softmax acc: 0.609]	[top20 acc: 0.828]	[top100 acc: 0.844]
[t-softmax acc: 0.406]	[t-top20 acc: 0.766]	[t-top100 acc: 0.797]
==============[126400] 3.8359 3.8221	 15.5799 3.1510==============
[softmax acc: 0.531]	[top20 acc: 0.844]	[top100 acc: 0.891]
[t-softmax acc: 0.484]	[t-top20 acc: 0.859]	[t-top100 acc: 0.938]
==============[126800] 3.1005 3.4325	 15.8893 3.6113==============
[softmax acc: 0.516]	[top20 acc: 0.906]	[top100 acc: 0.938]
[t-softmax acc: 0.312]	[t-top20 acc: 0.859]	[t-top100 acc: 0.922]
==============[127200] 16.9168 3.0776	 4.6070 5.1976==============
[softmax acc: 0.516]	[top20 acc: 0.922]	[top100 acc: 0.953]
[t-softmax acc: 0.359]	[t-top20 acc: 0.812]	[t-top100 acc: 0.844]
==============[127600] 2.4048 2.5992	 17.3734 4.4118==============
[softmax acc: 0.641]	[top20 acc: 0.953]	[top100 acc: 0.969]
[t-softmax acc: 0.469]	[t-top20 acc: 0.906]	[t-top100 acc: 0.938]
==============[128000] 3.4721 2.6780	 3.8509 3.8081==============
[softmax acc: 0.562]	[top20 acc: 0.891]	[top100 acc: 0.953]
[t-softmax acc: 0.484]	[t-top20 acc: 0.812]	[t-top100 acc: 0.875]
==============[128400] 3.1801 3.3307	 11.8745 3.5559==============
[softmax acc: 0.594]	[top20 acc: 0.906]	[top100 acc: 0.922]
[t-softmax acc: 0.484]	[t-top20 acc: 0.875]	[t-top100 acc: 0.891]
==============[128800] 2.6086 2.4778	 3.0983 3.0541==============
[softmax acc: 0.672]	[top20 acc: 0.953]	[top100 acc: 0.953]
[t-softmax acc: 0.438]	[t-top20 acc: 0.875]	[t-top100 acc: 0.953]
==============[129200] 18.3454 3.2897	 16.8003 4.7961==============
[softmax acc: 0.422]	[top20 acc: 0.859]	[top100 acc: 0.906]
[t-softmax acc: 0.328]	[t-top20 acc: 0.719]	[t-top100 acc: 0.844]
==============[129600] 3.1807 3.0184	 14.9851 2.7417==============
[softmax acc: 0.641]	[top20 acc: 0.906]	[top100 acc: 0.953]
[t-softmax acc: 0.500]	[t-top20 acc: 0.922]	[t-top100 acc: 0.953]
==============[130000] 15.9557 2.8814	 15.8717 3.2601==============
[softmax acc: 0.750]	[top20 acc: 0.891]	[top100 acc: 0.922]
[t-softmax acc: 0.406]	[t-top20 acc: 0.859]	[t-top100 acc: 0.906]
==============[130400] 3.4153 2.7410	 12.6654 3.9399==============
[softmax acc: 0.625]	[top20 acc: 0.922]	[top100 acc: 0.938]
[t-softmax acc: 0.500]	[t-top20 acc: 0.766]	[t-top100 acc: 0.891]
==============[130800] 3.8789 2.4404	 15.4325 2.5763==============
[softmax acc: 0.719]	[top20 acc: 0.938]	[top100 acc: 0.969]
[t-softmax acc: 0.562]	[t-top20 acc: 0.844]	[t-top100 acc: 0.953]
==============[131200] 13.4375 3.2739	 17.6472 3.5591==============
[softmax acc: 0.531]	[top20 acc: 0.828]	[top100 acc: 0.906]
[t-softmax acc: 0.297]	[t-top20 acc: 0.812]	[t-top100 acc: 0.938]
==============[131600] 14.9203 2.2192	 16.3083 3.7023==============
[softmax acc: 0.688]	[top20 acc: 0.953]	[top100 acc: 0.953]
[t-softmax acc: 0.469]	[t-top20 acc: 0.828]	[t-top100 acc: 0.891]
==============[132000] 16.4586 2.5520	 2.9622 3.8933==============
[softmax acc: 0.672]	[top20 acc: 0.938]	[top100 acc: 0.969]
[t-softmax acc: 0.359]	[t-top20 acc: 0.812]	[t-top100 acc: 0.844]
==============[132400] 15.2686 2.9375	 3.6226 4.1396==============
[softmax acc: 0.609]	[top20 acc: 0.938]	[top100 acc: 0.938]
[t-softmax acc: 0.406]	[t-top20 acc: 0.812]	[t-top100 acc: 0.875]
==============[132800] 27.9640 2.8784	 13.3815 3.9231==============
[softmax acc: 0.703]	[top20 acc: 0.938]	[top100 acc: 0.969]
[t-softmax acc: 0.516]	[t-top20 acc: 0.797]	[t-top100 acc: 0.891]
==============[133200] 4.3822 2.3346	 4.5965 2.6729==============
[softmax acc: 0.625]	[top20 acc: 0.938]	[top100 acc: 0.938]
[t-softmax acc: 0.453]	[t-top20 acc: 0.891]	[t-top100 acc: 0.953]
==============[133600] 13.2971 2.3125	 2.7235 2.9832==============
[softmax acc: 0.688]	[top20 acc: 0.938]	[top100 acc: 0.938]
[t-softmax acc: 0.375]	[t-top20 acc: 0.875]	[t-top100 acc: 0.938]
==============[134000] 4.0435 3.3794	 4.5111 4.3110==============
[softmax acc: 0.547]	[top20 acc: 0.812]	[top100 acc: 0.875]
[t-softmax acc: 0.297]	[t-top20 acc: 0.734]	[t-top100 acc: 0.891]
==============[134400] 12.0088 1.9862	 15.2077 2.5914==============
[softmax acc: 0.766]	[top20 acc: 0.984]	[top100 acc: 0.984]
[t-softmax acc: 0.484]	[t-top20 acc: 0.906]	[t-top100 acc: 0.938]
==============[134800] 2.6189 2.4964	 23.6591 3.4528==============
[softmax acc: 0.656]	[top20 acc: 0.953]	[top100 acc: 0.984]
[t-softmax acc: 0.453]	[t-top20 acc: 0.891]	[t-top100 acc: 0.906]
==============[135200] 3.0489 2.4691	 3.0901 3.7286==============
[softmax acc: 0.672]	[top20 acc: 0.906]	[top100 acc: 0.953]
[t-softmax acc: 0.391]	[t-top20 acc: 0.844]	[t-top100 acc: 0.922]
==============[135600] 13.9788 3.3661	 4.1267 4.8576==============
[softmax acc: 0.516]	[top20 acc: 0.812]	[top100 acc: 0.906]
[t-softmax acc: 0.328]	[t-top20 acc: 0.766]	[t-top100 acc: 0.828]
==============[136000] 3.1265 2.4424	 15.5839 3.4430==============
[softmax acc: 0.719]	[top20 acc: 0.922]	[top100 acc: 0.953]
[t-softmax acc: 0.328]	[t-top20 acc: 0.844]	[t-top100 acc: 0.938]
==============[136400] 3.3502 2.6929	 3.8304 3.5744==============
[softmax acc: 0.766]	[top20 acc: 0.938]	[top100 acc: 0.938]
[t-softmax acc: 0.391]	[t-top20 acc: 0.859]	[t-top100 acc: 0.891]
==============[136800] 12.9674 2.4307	 3.0834 2.7646==============
[softmax acc: 0.703]	[top20 acc: 0.906]	[top100 acc: 0.953]
[t-softmax acc: 0.438]	[t-top20 acc: 0.906]	[t-top100 acc: 0.953]
==============[137200] 10.8431 2.1785	 3.8846 2.9686==============
[softmax acc: 0.797]	[top20 acc: 0.938]	[top100 acc: 0.938]
[t-softmax acc: 0.453]	[t-top20 acc: 0.875]	[t-top100 acc: 0.953]
==============[137600] 3.3856 2.7090	 3.8103 3.3564==============
[softmax acc: 0.688]	[top20 acc: 0.938]	[top100 acc: 0.953]
[t-softmax acc: 0.531]	[t-top20 acc: 0.828]	[t-top100 acc: 0.922]
==============[138000] 15.1282 3.4366	 3.9798 4.2020==============
[softmax acc: 0.719]	[top20 acc: 0.859]	[top100 acc: 0.875]
[t-softmax acc: 0.359]	[t-top20 acc: 0.812]	[t-top100 acc: 0.875]
==============[138400] 14.9453 2.9080	 14.2960 3.0473==============
[softmax acc: 0.703]	[top20 acc: 0.922]	[top100 acc: 0.922]
[t-softmax acc: 0.594]	[t-top20 acc: 0.844]	[t-top100 acc: 0.891]
==============[138800] 2.7536 2.7022	 29.7780 3.3839==============
[softmax acc: 0.719]	[top20 acc: 0.922]	[top100 acc: 0.938]
[t-softmax acc: 0.469]	[t-top20 acc: 0.828]	[t-top100 acc: 0.906]
==============[139200] 15.4910 2.2931	 13.4308 4.4445==============
[softmax acc: 0.734]	[top20 acc: 0.953]	[top100 acc: 0.953]
[t-softmax acc: 0.344]	[t-top20 acc: 0.734]	[t-top100 acc: 0.875]
==============[139600] 2.8319 2.6314	 3.2157 3.9908==============
[softmax acc: 0.641]	[top20 acc: 0.922]	[top100 acc: 0.938]
[t-softmax acc: 0.312]	[t-top20 acc: 0.859]	[t-top100 acc: 0.906]
==============[140000] 12.6963 2.4450	 3.4876 4.1878==============
[softmax acc: 0.531]	[top20 acc: 0.938]	[top100 acc: 0.953]
[t-softmax acc: 0.438]	[t-top20 acc: 0.891]	[t-top100 acc: 0.938]
==============[140400] 2.7755 1.9804	 3.1824 2.7683==============
[softmax acc: 0.797]	[top20 acc: 0.953]	[top100 acc: 0.969]
[t-softmax acc: 0.484]	[t-top20 acc: 0.891]	[t-top100 acc: 0.938]
==============[140800] 2.3364 2.2785	 2.3199 2.5033==============
[softmax acc: 0.766]	[top20 acc: 0.938]	[top100 acc: 0.938]
[t-softmax acc: 0.453]	[t-top20 acc: 0.906]	[t-top100 acc: 0.953]
==============[141200] 13.8276 2.8987	 3.2684 2.4998==============
[softmax acc: 0.734]	[top20 acc: 0.891]	[top100 acc: 0.938]
[t-softmax acc: 0.516]	[t-top20 acc: 0.891]	[t-top100 acc: 0.953]
==============[141600] 3.9998 2.0378	 3.4773 3.6956==============
[softmax acc: 0.625]	[top20 acc: 0.969]	[top100 acc: 0.969]
[t-softmax acc: 0.500]	[t-top20 acc: 0.859]	[t-top100 acc: 0.875]
==============[142000] 14.9654 2.1275	 3.9958 4.2314==============
[softmax acc: 0.625]	[top20 acc: 0.969]	[top100 acc: 0.969]
[t-softmax acc: 0.406]	[t-top20 acc: 0.828]	[t-top100 acc: 0.891]
==============[142400] 13.9638 3.0268	 3.0799 3.2413==============
[softmax acc: 0.703]	[top20 acc: 0.906]	[top100 acc: 0.922]
[t-softmax acc: 0.469]	[t-top20 acc: 0.812]	[t-top100 acc: 0.922]
==============[142800] 2.8575 3.2938	 3.3398 2.8717==============
[softmax acc: 0.656]	[top20 acc: 0.891]	[top100 acc: 0.922]
[t-softmax acc: 0.406]	[t-top20 acc: 0.922]	[t-top100 acc: 0.984]
==============[143200] 13.7875 2.7515	 3.1479 3.0061==============
[softmax acc: 0.734]	[top20 acc: 0.906]	[top100 acc: 0.906]
[t-softmax acc: 0.453]	[t-top20 acc: 0.906]	[t-top100 acc: 0.922]
==============[143600] 2.9979 2.2088	 3.0992 3.3948==============
[softmax acc: 0.812]	[top20 acc: 0.969]	[top100 acc: 0.969]
[t-softmax acc: 0.469]	[t-top20 acc: 0.875]	[t-top100 acc: 0.906]
==============[144000] 2.2107 2.3852	 3.1245 3.9300==============
[softmax acc: 0.750]	[top20 acc: 0.922]	[top100 acc: 0.938]
[t-softmax acc: 0.359]	[t-top20 acc: 0.828]	[t-top100 acc: 0.922]
==============[144400] 13.2990 2.6473	 3.8997 3.0270==============
[softmax acc: 0.641]	[top20 acc: 0.922]	[top100 acc: 0.922]
[t-softmax acc: 0.609]	[t-top20 acc: 0.859]	[t-top100 acc: 0.906]
==============[144800] 2.6126 2.9197	 3.9927 3.0365==============
[softmax acc: 0.562]	[top20 acc: 0.844]	[top100 acc: 0.922]
[t-softmax acc: 0.469]	[t-top20 acc: 0.875]	[t-top100 acc: 0.922]
==============[145200] 3.3364 2.1516	 3.4710 3.6170==============
[softmax acc: 0.812]	[top20 acc: 0.938]	[top100 acc: 0.938]
[t-softmax acc: 0.578]	[t-top20 acc: 0.844]	[t-top100 acc: 0.859]
==============[145600] 3.2331 3.2219	 4.5708 5.3426==============
[softmax acc: 0.609]	[top20 acc: 0.859]	[top100 acc: 0.906]
[t-softmax acc: 0.359]	[t-top20 acc: 0.750]	[t-top100 acc: 0.828]
==============[146000] 3.7123 2.6556	 4.0509 4.1116==============
[softmax acc: 0.656]	[top20 acc: 0.906]	[top100 acc: 0.938]
[t-softmax acc: 0.391]	[t-top20 acc: 0.797]	[t-top100 acc: 0.875]
==============[146400] 14.6688 3.8771	 3.1097 4.7246==============
[softmax acc: 0.453]	[top20 acc: 0.797]	[top100 acc: 0.828]
[t-softmax acc: 0.344]	[t-top20 acc: 0.781]	[t-top100 acc: 0.812]
==============[146800] 14.6629 2.8451	 14.7711 2.8331==============
[softmax acc: 0.641]	[top20 acc: 0.969]	[top100 acc: 0.969]
[t-softmax acc: 0.484]	[t-top20 acc: 0.891]	[t-top100 acc: 0.906]
==============[147200] 2.2575 2.2787	 24.9503 3.1148==============
[softmax acc: 0.703]	[top20 acc: 0.922]	[top100 acc: 0.922]
[t-softmax acc: 0.594]	[t-top20 acc: 0.828]	[t-top100 acc: 0.891]
==============[147600] 2.8721 2.0731	 3.7960 3.7532==============
[softmax acc: 0.625]	[top20 acc: 0.969]	[top100 acc: 0.984]
[t-softmax acc: 0.422]	[t-top20 acc: 0.859]	[t-top100 acc: 0.891]
==============[148000] 2.8458 2.5423	 2.8783 2.6949==============
[softmax acc: 0.719]	[top20 acc: 0.938]	[top100 acc: 0.938]
[t-softmax acc: 0.547]	[t-top20 acc: 0.922]	[t-top100 acc: 0.922]
==============[148400] 2.7498 1.9986	 3.7080 3.5290==============
[softmax acc: 0.812]	[top20 acc: 0.938]	[top100 acc: 0.938]
[t-softmax acc: 0.406]	[t-top20 acc: 0.844]	[t-top100 acc: 0.875]
==============[148800] 2.7071 2.3332	 3.2477 3.8953==============
[softmax acc: 0.766]	[top20 acc: 0.938]	[top100 acc: 1.000]
[t-softmax acc: 0.531]	[t-top20 acc: 0.812]	[t-top100 acc: 0.859]
==============[149200] 2.3974 1.9336	 15.0692 4.3260==============
[softmax acc: 0.656]	[top20 acc: 0.875]	[top100 acc: 0.969]
[t-softmax acc: 0.469]	[t-top20 acc: 0.812]	[t-top100 acc: 0.859]
==============[149600] 2.4733 2.8316	 2.7898 4.0523==============
[softmax acc: 0.719]	[top20 acc: 0.891]	[top100 acc: 0.891]
[t-softmax acc: 0.375]	[t-top20 acc: 0.812]	[t-top100 acc: 0.859]
==============[150000] 3.3578 2.4380	 14.7998 3.8679==============
[softmax acc: 0.766]	[top20 acc: 0.969]	[top100 acc: 0.969]
[t-softmax acc: 0.375]	[t-top20 acc: 0.844]	[t-top100 acc: 0.891]
==============[150400] 22.4037 2.9848	 4.0011 3.3424==============
[softmax acc: 0.766]	[top20 acc: 0.875]	[top100 acc: 0.891]
[t-softmax acc: 0.469]	[t-top20 acc: 0.875]	[t-top100 acc: 0.906]
==============[150800] 3.5346 4.4589	 4.3664 4.3245==============
[softmax acc: 0.547]	[top20 acc: 0.828]	[top100 acc: 0.844]
[t-softmax acc: 0.406]	[t-top20 acc: 0.719]	[t-top100 acc: 0.797]
==============[151200] 12.5833 2.3601	 3.2039 3.6387==============
[softmax acc: 0.766]	[top20 acc: 0.969]	[top100 acc: 0.984]
[t-softmax acc: 0.344]	[t-top20 acc: 0.875]	[t-top100 acc: 0.906]
==============[151600] 2.4635 1.8982	 3.3758 2.9640==============
[softmax acc: 0.656]	[top20 acc: 0.969]	[top100 acc: 0.969]
[t-softmax acc: 0.438]	[t-top20 acc: 0.891]	[t-top100 acc: 0.922]
==============[152000] 2.0661 1.3862	 16.2572 2.7435==============
[softmax acc: 0.797]	[top20 acc: 1.000]	[top100 acc: 1.000]
[t-softmax acc: 0.453]	[t-top20 acc: 0.906]	[t-top100 acc: 0.953]
==============[152400] 14.2070 3.1614	 5.1668 4.4184==============
[softmax acc: 0.578]	[top20 acc: 0.719]	[top100 acc: 0.828]
[t-softmax acc: 0.453]	[t-top20 acc: 0.812]	[t-top100 acc: 0.922]
==============[152800] 2.5435 2.1069	 13.4013 3.2484==============
[softmax acc: 0.766]	[top20 acc: 0.953]	[top100 acc: 0.969]
[t-softmax acc: 0.422]	[t-top20 acc: 0.922]	[t-top100 acc: 0.922]
==============[153200] 3.1329 3.9525	 3.7195 4.5974==============
[softmax acc: 0.641]	[top20 acc: 0.828]	[top100 acc: 0.844]
[t-softmax acc: 0.484]	[t-top20 acc: 0.734]	[t-top100 acc: 0.812]
==============[153600] 2.2512 2.5814	 12.8763 3.8197==============
[softmax acc: 0.625]	[top20 acc: 0.922]	[top100 acc: 0.922]
[t-softmax acc: 0.359]	[t-top20 acc: 0.844]	[t-top100 acc: 0.891]
==============[154000] 25.9280 3.2456	 15.3356 3.1605==============
[softmax acc: 0.703]	[top20 acc: 0.859]	[top100 acc: 0.875]
[t-softmax acc: 0.562]	[t-top20 acc: 0.859]	[t-top100 acc: 0.891]
==============[154400] 2.9695 2.6042	 13.0029 3.2279==============
[softmax acc: 0.750]	[top20 acc: 0.875]	[top100 acc: 0.891]
[t-softmax acc: 0.484]	[t-top20 acc: 0.875]	[t-top100 acc: 0.906]
==============[154800] 2.5782 2.0673	 3.9645 4.0678==============
[softmax acc: 0.750]	[top20 acc: 0.938]	[top100 acc: 0.938]
[t-softmax acc: 0.344]	[t-top20 acc: 0.812]	[t-top100 acc: 0.859]
==============[155200] 2.8044 2.8627	 3.5061 3.7779==============
[softmax acc: 0.750]	[top20 acc: 0.922]	[top100 acc: 0.922]
[t-softmax acc: 0.312]	[t-top20 acc: 0.875]	[t-top100 acc: 0.891]
==============[155600] 3.2463 2.5295	 2.9990 2.7934==============
[softmax acc: 0.656]	[top20 acc: 0.938]	[top100 acc: 0.938]
[t-softmax acc: 0.562]	[t-top20 acc: 0.875]	[t-top100 acc: 0.938]
==============[156000] 2.5518 2.4028	 3.5202 3.3407==============
[softmax acc: 0.719]	[top20 acc: 0.906]	[top100 acc: 0.906]
[t-softmax acc: 0.500]	[t-top20 acc: 0.859]	[t-top100 acc: 0.875]
==============[156400] 2.5353 2.1453	 3.2984 3.8538==============
[softmax acc: 0.734]	[top20 acc: 0.953]	[top100 acc: 0.953]
[t-softmax acc: 0.297]	[t-top20 acc: 0.828]	[t-top100 acc: 0.906]
==============[156800] 13.5961 1.8385	 3.7464 3.7934==============
[softmax acc: 0.719]	[top20 acc: 0.984]	[top100 acc: 0.984]
[t-softmax acc: 0.438]	[t-top20 acc: 0.828]	[t-top100 acc: 0.891]
==============[157200] 3.2225 2.6964	 4.6629 3.5690==============
[softmax acc: 0.688]	[top20 acc: 0.922]	[top100 acc: 0.922]
[t-softmax acc: 0.391]	[t-top20 acc: 0.797]	[t-top100 acc: 0.969]
==============[157600] 2.8261 3.2999	 3.2626 3.8974==============
[softmax acc: 0.656]	[top20 acc: 0.875]	[top100 acc: 0.891]
[t-softmax acc: 0.438]	[t-top20 acc: 0.797]	[t-top100 acc: 0.859]
==============[158000] 13.2806 1.7605	 3.0301 2.7521==============
[softmax acc: 0.844]	[top20 acc: 0.953]	[top100 acc: 0.953]
[t-softmax acc: 0.469]	[t-top20 acc: 0.906]	[t-top100 acc: 0.922]
==============[158400] 2.7352 2.5501	 13.6842 4.0108==============
[softmax acc: 0.641]	[top20 acc: 0.922]	[top100 acc: 0.938]
[t-softmax acc: 0.422]	[t-top20 acc: 0.828]	[t-top100 acc: 0.859]
==============[158800] 14.9382 2.2425	 14.8435 3.0708==============
[softmax acc: 0.656]	[top20 acc: 0.969]	[top100 acc: 0.969]
[t-softmax acc: 0.547]	[t-top20 acc: 0.859]	[t-top100 acc: 0.859]
==============[159200] 16.7890 3.0810	 3.9700 3.6084==============
[softmax acc: 0.781]	[top20 acc: 0.922]	[top100 acc: 0.922]
[t-softmax acc: 0.422]	[t-top20 acc: 0.844]	[t-top100 acc: 0.875]
==============[159600] 12.1337 1.9420	 4.2516 2.3881==============
[softmax acc: 0.781]	[top20 acc: 0.953]	[top100 acc: 0.984]
[t-softmax acc: 0.516]	[t-top20 acc: 0.906]	[t-top100 acc: 0.938]
==============[160000] 2.4860 3.0167	 3.6672 4.4146==============
[softmax acc: 0.750]	[top20 acc: 0.922]	[top100 acc: 0.938]
[t-softmax acc: 0.375]	[t-top20 acc: 0.828]	[t-top100 acc: 0.875]
==============[160400] 2.8028 2.2827	 2.7548 2.9597==============
[softmax acc: 0.750]	[top20 acc: 0.938]	[top100 acc: 0.953]
[t-softmax acc: 0.531]	[t-top20 acc: 0.906]	[t-top100 acc: 0.906]
==============[160800] 2.5612 2.2305	 15.3849 3.8723==============
[softmax acc: 0.719]	[top20 acc: 0.938]	[top100 acc: 0.953]
[t-softmax acc: 0.438]	[t-top20 acc: 0.828]	[t-top100 acc: 0.859]
==============[161200] 2.5592 2.7062	 2.8762 2.4305==============
[softmax acc: 0.719]	[top20 acc: 0.906]	[top100 acc: 0.922]
[t-softmax acc: 0.484]	[t-top20 acc: 0.953]	[t-top100 acc: 0.953]
==============[161600] 2.4935 2.0852	 3.6035 2.2909==============
[softmax acc: 0.766]	[top20 acc: 0.969]	[top100 acc: 0.969]
[t-softmax acc: 0.469]	[t-top20 acc: 0.891]	[t-top100 acc: 0.953]

Process finished with exit code 1
