{'index': 0, 'ansNum': 2, 'wrAnsRatio': 1.0, 'wrongAnsNum': 2, 'answers': ['Jazmyn Bieber', 'Jaxon Bieber']}
{'index': 12, 'ansNum': 1, 'wrAnsRatio': 1.0, 'wrongAnsNum': 1, 'answers': ['Astoria Greengrass']}
{'index': 23, 'ansNum': 1, 'wrAnsRatio': 1.0, 'wrongAnsNum': 1, 'answers': ['Hot Springs High School']}
{'index': 28, 'ansNum': 1, 'wrAnsRatio': 1.0, 'wrongAnsNum': 1, 'answers': ["Spike Guys' Choice Awards"]}
{'index': 33, 'ansNum': 1, 'wrAnsRatio': 1.0, 'wrongAnsNum': 1, 'answers': ['Kingdom of the Netherlands']}
{'index': 43, 'ansNum': 1, 'wrAnsRatio': 1.0, 'wrongAnsNum': 1, 'answers': ['Centers for Medicare and Medicaid Services']}
{'index': 94, 'ansNum': 1, 'wrAnsRatio': 1.0, 'wrongAnsNum': 1, 'answers': ['Rainbow Bluff Expedition']}
{'index': 98, 'ansNum': 1, 'wrAnsRatio': 1.0, 'wrongAnsNum': 1, 'answers': ['Hollywood Cemetery']}
{'index': 121, 'ansNum': 1, 'wrAnsRatio': 1.0, 'wrongAnsNum': 1, 'answers': ['Seaholm High School']}
{'index': 141, 'ansNum': 1, 'wrAnsRatio': 1.0, 'wrongAnsNum': 1, 'answers': ['J\xc3\xb6rn Weisbrodt']}
{'index': 148, 'ansNum': 1, 'wrAnsRatio': 1.0, 'wrongAnsNum': 1, 'answers': ['The Gospel According to Matthew']}
{'index': 152, 'ansNum': 1, 'wrAnsRatio': 1.0, 'wrongAnsNum': 1, 'answers': ['Lawyer']}
{'index': 173, 'ansNum': 1, 'wrAnsRatio': 1.0, 'wrongAnsNum': 1, 'answers': ['XHVG-FM']}
{'index': 210, 'ansNum': 1, 'wrAnsRatio': 1.0, 'wrongAnsNum': 1, 'answers': ['King Edward VI School, Stratford-upon-Avon']}
{'index': 215, 'ansNum': 1, 'wrAnsRatio': 1.0, 'wrongAnsNum': 1, 'answers': ['Zora Lancaster']}
{'index': 236, 'ansNum': 1, 'wrAnsRatio': 1.0, 'wrongAnsNum': 1, 'answers': ['Polis Massa']}
{'index': 246, 'ansNum': 1, 'wrAnsRatio': 1.0, 'wrongAnsNum': 1, 'answers': ['Yisrael Mordecai Safeek']}
{'index': 264, 'ansNum': 1, 'wrAnsRatio': 1.0, 'wrongAnsNum': 1, 'answers': ['Daniel Moder']}
{'index': 288, 'ansNum': 1, 'wrAnsRatio': 1.0, 'wrongAnsNum': 1, 'answers': ['Muslims']}
{'index': 290, 'ansNum': 1, 'wrAnsRatio': 1.0, 'wrongAnsNum': 1, 'answers': ['Standard Mandarin']}
{'index': 291, 'ansNum': 1, 'wrAnsRatio': 1.0, 'wrongAnsNum': 1, 'answers': ['Maple Leaf Sports & Entertainment']}
{'index': 302, 'ansNum': 1, 'wrAnsRatio': 1.0, 'wrongAnsNum': 1, 'answers': ['Green Bay Packers Board of Directors']}
{'index': 310, 'ansNum': 1, 'wrAnsRatio': 1.0, 'wrongAnsNum': 1, 'answers': ['Jane Pauley']}
{'index': 344, 'ansNum': 1, 'wrAnsRatio': 1.0, 'wrongAnsNum': 1, 'answers': ['Shmi Skywalker']}
{'index': 362, 'ansNum': 1, 'wrAnsRatio': 1.0, 'wrongAnsNum': 1, 'answers': ['Gregory Cromwell, 1st Baron Cromwell']}
{'index': 382, 'ansNum': 1, 'wrAnsRatio': 1.0, 'wrongAnsNum': 1, 'answers': ['Kahuku High & Intermediate School']}
{'index': 391, 'ansNum': 1, 'wrAnsRatio': 1.0, 'wrongAnsNum': 1, 'answers': ['Parliamentary republic']}
{'index': 393, 'ansNum': 1, 'wrAnsRatio': 1.0, 'wrongAnsNum': 1, 'answers': ['Ringgold High School']}
{'index': 394, 'ansNum': 1, 'wrAnsRatio': 1.0, 'wrongAnsNum': 1, 'answers': ['The Supreme Court']}
{'index': 416, 'ansNum': 1, 'wrAnsRatio': 1.0, 'wrongAnsNum': 1, 'answers': ['American football player']}
{'index': 419, 'ansNum': 1, 'wrAnsRatio': 1.0, 'wrongAnsNum': 1, 'answers': ['World War I Memorial']}
{'index': 473, 'ansNum': 1, 'wrAnsRatio': 1.0, 'wrongAnsNum': 1, 'answers': ['Basketball player']}
{'index': 478, 'ansNum': 1, 'wrAnsRatio': 1.0, 'wrongAnsNum': 1, 'answers': ['American Revolutionary War']}
{'index': 485, 'ansNum': 1, 'wrAnsRatio': 1.0, 'wrongAnsNum': 1, 'answers': ['Florida Gators football']}
{'index': 496, 'ansNum': 1, 'wrAnsRatio': 1.0, 'wrongAnsNum': 1, 'answers': ['Theoretical Physicist']}
{'index': 536, 'ansNum': 1, 'wrAnsRatio': 1.0, 'wrongAnsNum': 1, 'answers': ['Mixed Martial Artist']}
{'index': 537, 'ansNum': 1, 'wrAnsRatio': 1.0, 'wrongAnsNum': 1, 'answers': ['Asian Affairs']}
{'index': 547, 'ansNum': 4, 'wrAnsRatio': 1.0, 'wrongAnsNum': 4, 'answers': ['Romeo Beckham', 'Cruz Beckham', 'Harper Beckham', 'Brooklyn Beckham']}
{'index': 552, 'ansNum': 2, 'wrAnsRatio': 1.0, 'wrongAnsNum': 2, 'answers': ['1996 Democratic National Convention', '1992 Democratic National Convention']}
{'index': 559, 'ansNum': 1, 'wrAnsRatio': 1.0, 'wrongAnsNum': 1, 'answers': ['Columbia University School of the Arts']}
{'index': 561, 'ansNum': 1, 'wrAnsRatio': 1.0, 'wrongAnsNum': 1, 'answers': ['American football player']}
{'index': 571, 'ansNum': 1, 'wrAnsRatio': 1.0, 'wrongAnsNum': 1, 'answers': ["St Andrew's School, Pangbourne"]}
{'index': 576, 'ansNum': 1, 'wrAnsRatio': 1.0, 'wrongAnsNum': 1, 'answers': ['Tombo']}
{'index': 586, 'ansNum': 1, 'wrAnsRatio': 1.0, 'wrongAnsNum': 1, 'answers': ['1987']}
{'index': 597, 'ansNum': 1, 'wrAnsRatio': 1.0, 'wrongAnsNum': 1, 'answers': ['Standard Mandarin']}
{'index': 643, 'ansNum': 1, 'wrAnsRatio': 1.0, 'wrongAnsNum': 1, 'answers': ['Rebecca Olson Gupta']}
{'index': 646, 'ansNum': 1, 'wrAnsRatio': 1.0, 'wrongAnsNum': 1, 'answers': ['John the Evangelist']}
{'index': 654, 'ansNum': 1, 'wrAnsRatio': 1.0, 'wrongAnsNum': 1, 'answers': ['Fox in Socks']}
{'index': 660, 'ansNum': 1, 'wrAnsRatio': 1.0, 'wrongAnsNum': 1, 'answers': ['Billboard Music Award for Top Social Artist']}
{'index': 705, 'ansNum': 1, 'wrAnsRatio': 1.0, 'wrongAnsNum': 1, 'answers': ['Jake Harris']}
{'index': 724, 'ansNum': 1, 'wrAnsRatio': 1.0, 'wrongAnsNum': 1, 'answers': ['Italian region']}
{'index': 733, 'ansNum': 1, 'wrAnsRatio': 1.0, 'wrongAnsNum': 1, 'answers': ['Margarete Boden']}
{'index': 746, 'ansNum': 1, 'wrAnsRatio': 1.0, 'wrongAnsNum': 1, 'answers': ['Kristin Richard']}
{'index': 756, 'ansNum': 1, 'wrAnsRatio': 1.0, 'wrongAnsNum': 1, 'answers': ['Valparaiso High School']}
{'index': 761, 'ansNum': 1, 'wrAnsRatio': 1.0, 'wrongAnsNum': 1, 'answers': ['Rachel Gatina']}
{'index': 791, 'ansNum': 1, 'wrAnsRatio': 1.0, 'wrongAnsNum': 1, 'answers': ['Jun\xc3\xadpero Serra High School']}
{'index': 793, 'ansNum': 1, 'wrAnsRatio': 1.0, 'wrongAnsNum': 1, 'answers': ['Yvette Prieto']}
{'index': 798, 'ansNum': 1, 'wrAnsRatio': 1.0, 'wrongAnsNum': 1, 'answers': ['Cincinnati Bengals']}
{'index': 799, 'ansNum': 1, 'wrAnsRatio': 1.0, 'wrongAnsNum': 1, 'answers': ['Discovery Centre']}
{'index': 833, 'ansNum': 1, 'wrAnsRatio': 1.0, 'wrongAnsNum': 1, 'answers': ['Standard Mandarin']}
{'index': 835, 'ansNum': 1, 'wrAnsRatio': 1.0, 'wrongAnsNum': 1, 'answers': ['Latin alphabet']}
{'index': 866, 'ansNum': 1, 'wrAnsRatio': 1.0, 'wrongAnsNum': 1, 'answers': ['Vivian Liberto']}
{'index': 902, 'ansNum': 1, 'wrAnsRatio': 1.0, 'wrongAnsNum': 1, 'answers': ['1967 Stanley Cup Finals']}
{'index': 924, 'ansNum': 1, 'wrAnsRatio': 1.0, 'wrongAnsNum': 1, 'answers': ['St. Francis of Assisi Catholic School']}
{'index': 939, 'ansNum': 2, 'wrAnsRatio': 1.0, 'wrongAnsNum': 2, 'answers': ['Josh Abramson', 'Ricky Van Veen']}
{'index': 973, 'ansNum': 1, 'wrAnsRatio': 1.0, 'wrongAnsNum': 1, 'answers': ['American football player']}
{'index': 980, 'ansNum': 1, 'wrAnsRatio': 1.0, 'wrongAnsNum': 1, 'answers': ['Blair Cramer']}
{'index': 987, 'ansNum': 1, 'wrAnsRatio': 1.0, 'wrongAnsNum': 1, 'answers': ["You'll Like My Mother"]}
{'index': 1003, 'ansNum': 1, 'wrAnsRatio': 1.0, 'wrongAnsNum': 1, 'answers': ['Assisted suicide']}
{'index': 1010, 'ansNum': 1, 'wrAnsRatio': 1.0, 'wrongAnsNum': 1, 'answers': ['Emsley A. Laney High School']}
{'index': 1024, 'ansNum': 1, 'wrAnsRatio': 1.0, 'wrongAnsNum': 1, 'answers': ['Virginia Cavaliers football']}
{'index': 1025, 'ansNum': 1, 'wrAnsRatio': 1.0, 'wrongAnsNum': 1, 'answers': ['Lawyer']}
{'index': 1032, 'ansNum': 1, 'wrAnsRatio': 1.0, 'wrongAnsNum': 1, 'answers': ['Centers for Medicare and Medicaid Services']}
{'index': 1033, 'ansNum': 1, 'wrAnsRatio': 1.0, 'wrongAnsNum': 1, 'answers': ['Leonor de Le\xc3\xb3n']}
{'index': 1043, 'ansNum': 1, 'wrAnsRatio': 1.0, 'wrongAnsNum': 1, 'answers': ['Washington State Cougars football']}
{'index': 1094, 'ansNum': 1, 'wrAnsRatio': 1.0, 'wrongAnsNum': 1, 'answers': ['Yiddish Language']}
{'index': 1129, 'ansNum': 1, 'wrAnsRatio': 1.0, 'wrongAnsNum': 1, 'answers': ['Cuba Island']}
{'index': 1132, 'ansNum': 1, 'wrAnsRatio': 1.0, 'wrongAnsNum': 1, 'answers': ['Him/Herself']}
{'index': 1137, 'ansNum': 2, 'wrAnsRatio': 1.0, 'wrongAnsNum': 2, 'answers': ['Nuclear accident', 'Industrial disaster']}
{'index': 1145, 'ansNum': 1, 'wrAnsRatio': 1.0, 'wrongAnsNum': 1, 'answers': ['Experimental researches in electricity']}
{'index': 1149, 'ansNum': 1, 'wrAnsRatio': 1.0, 'wrongAnsNum': 1, 'answers': ['Sofie Oosterwaal']}
{'index': 1154, 'ansNum': 1, 'wrAnsRatio': 1.0, 'wrongAnsNum': 1, 'answers': ['Minister of religion']}
{'index': 1247, 'ansNum': 1, 'wrAnsRatio': 1.0, 'wrongAnsNum': 1, 'answers': ['Meg Griffin']}
{'index': 1255, 'ansNum': 1, 'wrAnsRatio': 1.0, 'wrongAnsNum': 1, 'answers': ['Nancy Lincoln']}
{'index': 1272, 'ansNum': 1, 'wrAnsRatio': 1.0, 'wrongAnsNum': 1, 'answers': ['Yearly']}
{'index': 1273, 'ansNum': 1, 'wrAnsRatio': 1.0, 'wrongAnsNum': 1, 'answers': ['1980 Democratic National Convention']}
{'index': 1283, 'ansNum': 1, 'wrAnsRatio': 1.0, 'wrongAnsNum': 1, 'answers': ['UTC-5']}
{'index': 1334, 'ansNum': 1, 'wrAnsRatio': 1.0, 'wrongAnsNum': 1, 'answers': ['Virgin and Child Enthroned with Saints Peter, Paul, John the Baptist, Dominic and a Donor']}
{'index': 1398, 'ansNum': 2, 'wrAnsRatio': 1.0, 'wrongAnsNum': 2, 'answers': ['Dartmouth Moose', 'Keggy the Keg']}
{'index': 1401, 'ansNum': 1, 'wrAnsRatio': 1.0, 'wrongAnsNum': 1, 'answers': ['Centers for Medicare and Medicaid Services']}
{'index': 1403, 'ansNum': 1, 'wrAnsRatio': 1.0, 'wrongAnsNum': 1, 'answers': ['Yale Law School']}
{'index': 1434, 'ansNum': 1, 'wrAnsRatio': 1.0, 'wrongAnsNum': 1, 'answers': ['UTC\xe2\x88\x9206:00']}
{'index': 1476, 'ansNum': 1, 'wrAnsRatio': 1.0, 'wrongAnsNum': 1, 'answers': ['Rosalie Hale']}
{'index': 1528, 'ansNum': 3, 'wrAnsRatio': 1.0, 'wrongAnsNum': 3, 'answers': ['Paul Laurence Dunbar High School', 'Baltimore School for the Arts', 'Tamalpais High School']}
{'index': 1551, 'ansNum': 1, 'wrAnsRatio': 1.0, 'wrongAnsNum': 1, 'answers': ['Zerelda Mimms']}
{'index': 1577, 'ansNum': 1, 'wrAnsRatio': 1.0, 'wrongAnsNum': 1, 'answers': ['DeWitt Clinton High School']}
{'index': 1581, 'ansNum': 1, 'wrAnsRatio': 1.0, 'wrongAnsNum': 1, 'answers': ['Cultural geography']}
{'index': 1585, 'ansNum': 1, 'wrAnsRatio': 1.0, 'wrongAnsNum': 1, 'answers': ["Newton's law of universal gravitation"]}
{'index': 1589, 'ansNum': 1, 'wrAnsRatio': 1.0, 'wrongAnsNum': 1, 'answers': ['LA Galaxy']}
{'index': 1600, 'ansNum': 1, 'wrAnsRatio': 1.0, 'wrongAnsNum': 1, 'answers': ['The Alhambra']}
{'index': 1608, 'ansNum': 1, 'wrAnsRatio': 1.0, 'wrongAnsNum': 1, 'answers': ['Kim Jong-un']}
{'index': 1617, 'ansNum': 1, 'wrAnsRatio': 1.0, 'wrongAnsNum': 1, 'answers': ['Doris Haynes']}
{'index': 1638, 'ansNum': 1, 'wrAnsRatio': 1.0, 'wrongAnsNum': 1, 'answers': ['Michael Jackson: 30th Anniversary Special']}
{'index': 1684, 'ansNum': 1, 'wrAnsRatio': 1.0, 'wrongAnsNum': 1, 'answers': ['Toy Group']}
{'index': 1714, 'ansNum': 1, 'wrAnsRatio': 1.0, 'wrongAnsNum': 1, 'answers': ['Semitic people']}
{'index': 1725, 'ansNum': 1, 'wrAnsRatio': 1.0, 'wrongAnsNum': 1, 'answers': ["The King's School, Grantham"]}
{'index': 1727, 'ansNum': 1, 'wrAnsRatio': 1.0, 'wrongAnsNum': 1, 'answers': ['Latin alphabet']}
{'index': 1732, 'ansNum': 1, 'wrAnsRatio': 1.0, 'wrongAnsNum': 1, 'answers': ["Grand Canyon South Rim Ranger's Dormitory"]}
{'index': 1767, 'ansNum': 1, 'wrAnsRatio': 1.0, 'wrongAnsNum': 1, 'answers': ['Him/Herself']}
{'index': 1770, 'ansNum': 1, 'wrAnsRatio': 1.0, 'wrongAnsNum': 1, 'answers': ['Blue Ivy Carter']}
{'index': 1774, 'ansNum': 1, 'wrAnsRatio': 1.0, 'wrongAnsNum': 1, 'answers': ['Kingdom of the Netherlands']}
{'index': 1823, 'ansNum': 1, 'wrAnsRatio': 1.0, 'wrongAnsNum': 1, 'answers': ['Norm Peterson']}
{'index': 1849, 'ansNum': 1, 'wrAnsRatio': 1.0, 'wrongAnsNum': 1, 'answers': ['Killing spree']}
{'index': 1862, 'ansNum': 1, 'wrAnsRatio': 1.0, 'wrongAnsNum': 1, 'answers': ['The Gospel According to John']}
{'index': 1890, 'ansNum': 1, 'wrAnsRatio': 1.0, 'wrongAnsNum': 1, 'answers': ['Rooney family']}
{'index': 1918, 'ansNum': 1, 'wrAnsRatio': 1.0, 'wrongAnsNum': 1, 'answers': ['Lower Merion High School']}
{'index': 1923, 'ansNum': 1, 'wrAnsRatio': 1.0, 'wrongAnsNum': 1, 'answers': ['Government of the United Kingdom']}
{'index': 1933, 'ansNum': 1, 'wrAnsRatio': 1.0, 'wrongAnsNum': 1, 'answers': ['All Creatures Of Our God And King']}
{'index': 1963, 'ansNum': 1, 'wrAnsRatio': 1.0, 'wrongAnsNum': 1, 'answers': ['The Harrodian School']}
{'index': 1966, 'ansNum': 1, 'wrAnsRatio': 1.0, 'wrongAnsNum': 1, 'answers': ['1932 Democratic National Convention']}
{'index': 1981, 'ansNum': 1, 'wrAnsRatio': 1.0, 'wrongAnsNum': 1, 'answers': ['Tennis player']}
{'index': 1986, 'ansNum': 1, 'wrAnsRatio': 1.0, 'wrongAnsNum': 1, 'answers': ['Dina Eastwood']}
{'index': 1998, 'ansNum': 1, 'wrAnsRatio': 1.0, 'wrongAnsNum': 1, 'answers': ['Bail Organa']}
{'index': 2018, 'ansNum': 1, 'wrAnsRatio': 1.0, 'wrongAnsNum': 1, 'answers': ['Parliamentary republic']}
{'index': 2027, 'ansNum': 1, 'wrAnsRatio': 1.0, 'wrongAnsNum': 1, 'answers': ['Arthur Kipps']}
{'index': 2035, 'ansNum': 1, 'wrAnsRatio': 1.0, 'wrongAnsNum': 1, 'answers': ['Shawnee Mission West High School']}
{'index': 2053, 'ansNum': 1, 'wrAnsRatio': 1.0, 'wrongAnsNum': 1, 'answers': ['Standard Mandarin']}
{'index': 2054, 'ansNum': 1, 'wrAnsRatio': 1.0, 'wrongAnsNum': 1, 'answers': ['Cranbrook Schools']}
{'index': 2059, 'ansNum': 1, 'wrAnsRatio': 1.0, 'wrongAnsNum': 1, 'answers': ['1991']}
{'index': 2065, 'ansNum': 1, 'wrAnsRatio': 1.0, 'wrongAnsNum': 1, 'answers': ['North West England']}
{'index': 2070, 'ansNum': 1, 'wrAnsRatio': 1.0, 'wrongAnsNum': 1, 'answers': ['1976 Democratic National Convention']}
{'index': 2084, 'ansNum': 1, 'wrAnsRatio': 1.0, 'wrongAnsNum': 1, 'answers': ['Air Transportation']}
{'index': 2087, 'ansNum': 1, 'wrAnsRatio': 1.0, 'wrongAnsNum': 1, 'answers': ['City of Brussels']}
{'index': 2134, 'ansNum': 1, 'wrAnsRatio': 1.0, 'wrongAnsNum': 1, 'answers': ['Poland Seminary High School']}
{'index': 2172, 'ansNum': 2, 'wrAnsRatio': 1.0, 'wrongAnsNum': 2, 'answers': ['Springfield Elementary School', 'Springfield High School']}
{'index': 2175, 'ansNum': 1, 'wrAnsRatio': 1.0, 'wrongAnsNum': 1, 'answers': ['1996']}
{'index': 2207, 'ansNum': 1, 'wrAnsRatio': 1.0, 'wrongAnsNum': 1, 'answers': ['Queen Lillian']}
{'index': 2210, 'ansNum': 1, 'wrAnsRatio': 1.0, 'wrongAnsNum': 1, 'answers': ['Iron Ore Mining']}
{'index': 2214, 'ansNum': 1, 'wrAnsRatio': 1.0, 'wrongAnsNum': 1, 'answers': ['Lake Tear of the Clouds']}
{'index': 2225, 'ansNum': 1, 'wrAnsRatio': 1.0, 'wrongAnsNum': 1, 'answers': ['On evolution']}
{'index': 2228, 'ansNum': 2, 'wrAnsRatio': 1.0, 'wrongAnsNum': 2, 'answers': ['Mary Newman', 'Elizabeth Sydenham']}
{'index': 2248, 'ansNum': 1, 'wrAnsRatio': 1.0, 'wrongAnsNum': 1, 'answers': ['One-handed backhand']}
{'index': 2260, 'ansNum': 1, 'wrAnsRatio': 1.0, 'wrongAnsNum': 1, 'answers': ['Woodward High School']}
{'index': 2275, 'ansNum': 1, 'wrAnsRatio': 1.0, 'wrongAnsNum': 1, 'answers': ['Giza Plateau']}
{'index': 2307, 'ansNum': 1, 'wrAnsRatio': 1.0, 'wrongAnsNum': 1, 'answers': ['Fullerton Union High School']}
{'index': 2341, 'ansNum': 1, 'wrAnsRatio': 1.0, 'wrongAnsNum': 1, 'answers': ['Monte Rosa Massif']}
{'index': 2347, 'ansNum': 1, 'wrAnsRatio': 1.0, 'wrongAnsNum': 1, 'answers': ['Political activist']}
{'index': 2386, 'ansNum': 1, 'wrAnsRatio': 1.0, 'wrongAnsNum': 1, 'answers': ['Racecar driver']}
{'index': 2389, 'ansNum': 1, 'wrAnsRatio': 1.0, 'wrongAnsNum': 1, 'answers': ['Anglicanism']}
{'index': 2404, 'ansNum': 1, 'wrAnsRatio': 1.0, 'wrongAnsNum': 1, 'answers': ['Brenda Barrett']}
{'index': 2405, 'ansNum': 1, 'wrAnsRatio': 1.0, 'wrongAnsNum': 1, 'answers': ['Aquilegia saximontana']}
{'index': 2468, 'ansNum': 1, 'wrAnsRatio': 1.0, 'wrongAnsNum': 1, 'answers': ["The King's School, Grantham"]}
{'index': 2478, 'ansNum': 1, 'wrAnsRatio': 1.0, 'wrongAnsNum': 1, 'answers': ['Otto the Orange']}
{'index': 2487, 'ansNum': 1, 'wrAnsRatio': 1.0, 'wrongAnsNum': 1, 'answers': ['Heroin overdose']}
{'index': 2490, 'ansNum': 1, 'wrAnsRatio': 1.0, 'wrongAnsNum': 1, 'answers': ['Canadian province']}
{'index': 2531, 'ansNum': 1, 'wrAnsRatio': 1.0, 'wrongAnsNum': 1, 'answers': ['Esperanza Andrade']}
{'index': 2582, 'ansNum': 1, 'wrAnsRatio': 1.0, 'wrongAnsNum': 1, 'answers': ['Yearly']}
{'index': 2594, 'ansNum': 1, 'wrAnsRatio': 1.0, 'wrongAnsNum': 1, 'answers': ['Michigan Wolverines football']}
{'index': 2604, 'ansNum': 1, 'wrAnsRatio': 1.0, 'wrongAnsNum': 1, 'answers': ['Cranbrook Schools']}
{'index': 2638, 'ansNum': 1, 'wrAnsRatio': 1.0, 'wrongAnsNum': 1, 'answers': ['Ense petit placidam sub libertate quietem']}
{'index': 2647, 'ansNum': 3, 'wrAnsRatio': 1.0, 'wrongAnsNum': 3, 'answers': ['West Windsor-Plainsboro High School North', 'St. Joseph High School', 'Solebury School']}
{'index': 2655, 'ansNum': 1, 'wrAnsRatio': 1.0, 'wrongAnsNum': 1, 'answers': ['The X Factor (U']}
{'index': 2715, 'ansNum': 1, 'wrAnsRatio': 1.0, 'wrongAnsNum': 1, 'answers': ['Governor of Texas']}
{'index': 2719, 'ansNum': 1, 'wrAnsRatio': 1.0, 'wrongAnsNum': 1, 'answers': ['Notre Dame Fighting Irish football']}
{'index': 2724, 'ansNum': 1, 'wrAnsRatio': 1.0, 'wrongAnsNum': 1, 'answers': ['Vegetarian food']}
{'index': 2732, 'ansNum': 1, 'wrAnsRatio': 1.0, 'wrongAnsNum': 1, 'answers': ['Dunbar High School']}
{'index': 2753, 'ansNum': 1, 'wrAnsRatio': 1.0, 'wrongAnsNum': 1, 'answers': ['David Joyner']}
{'index': 2755, 'ansNum': 1, 'wrAnsRatio': 1.0, 'wrongAnsNum': 1, 'answers': ['Leonor de Le\xc3\xb3n']}
{'index': 2760, 'ansNum': 1, 'wrAnsRatio': 1.0, 'wrongAnsNum': 1, 'answers': ['American football player']}
{'index': 2782, 'ansNum': 1, 'wrAnsRatio': 1.0, 'wrongAnsNum': 1, 'answers': ['Ty Murray']}
{'index': 2801, 'ansNum': 1, 'wrAnsRatio': 1.0, 'wrongAnsNum': 1, 'answers': ['Yearly']}
{'index': 2851, 'ansNum': 1, 'wrAnsRatio': 1.0, 'wrongAnsNum': 1, 'answers': ['Robert Godley']}
{'index': 2860, 'ansNum': 1, 'wrAnsRatio': 1.0, 'wrongAnsNum': 1, 'answers': ['Centers for Medicare and Medicaid Services']}
{'index': 2876, 'ansNum': 1, 'wrAnsRatio': 1.0, 'wrongAnsNum': 1, 'answers': ['American Revolutionary War']}
{'index': 2897, 'ansNum': 1, 'wrAnsRatio': 1.0, 'wrongAnsNum': 1, 'answers': ['American Revolutionary War']}
{'index': 2904, 'ansNum': 1, 'wrAnsRatio': 1.0, 'wrongAnsNum': 1, 'answers': ['Renesmee Carlie Cullen']}
{'index': 2931, 'ansNum': 1, 'wrAnsRatio': 1.0, 'wrongAnsNum': 1, 'answers': ['Rosalie Hale']}
{'index': 2941, 'ansNum': 1, 'wrAnsRatio': 1.0, 'wrongAnsNum': 1, 'answers': ['Montclair College Preparatory School']}
{'index': 2948, 'ansNum': 1, 'wrAnsRatio': 1.0, 'wrongAnsNum': 1, 'answers': ['Mitt Romney presidential campaign, 2008']}
{'index': 2957, 'ansNum': 1, 'wrAnsRatio': 1.0, 'wrongAnsNum': 1, 'answers': ['Sidney Lanier High School']}
{'index': 2958, 'ansNum': 1, 'wrAnsRatio': 1.0, 'wrongAnsNum': 1, 'answers': ['Archaeologist']}
{'index': 2971, 'ansNum': 1, 'wrAnsRatio': 1.0, 'wrongAnsNum': 1, 'answers': ['Jeffrey Lurie']}
{'index': 2990, 'ansNum': 1, 'wrAnsRatio': 1.0, 'wrongAnsNum': 1, 'answers': ['Caldicott School']}
{'index': 3025, 'ansNum': 1, 'wrAnsRatio': 1.0, 'wrongAnsNum': 1, 'answers': ['Damon Thomas']}
{'index': 3107, 'ansNum': 1, 'wrAnsRatio': 1.0, 'wrongAnsNum': 1, 'answers': ['Yearly']}
{'index': 3120, 'ansNum': 1, 'wrAnsRatio': 1.0, 'wrongAnsNum': 1, 'answers': ['Miss America 1921']}
{'index': 3157, 'ansNum': 1, 'wrAnsRatio': 1.0, 'wrongAnsNum': 1, 'answers': ['Warrior Queen']}
{'index': 3190, 'ansNum': 1, 'wrAnsRatio': 1.0, 'wrongAnsNum': 1, 'answers': ['Herman Cain presidential campaign, 2012']}
{'index': 3198, 'ansNum': 1, 'wrAnsRatio': 1.0, 'wrongAnsNum': 1, 'answers': ['Marymount High School']}
{'index': 3206, 'ansNum': 1, 'wrAnsRatio': 1.0, 'wrongAnsNum': 1, 'answers': ['Georgia Bulldogs football']}
{'index': 3234, 'ansNum': 1, 'wrAnsRatio': 1.0, 'wrongAnsNum': 1, 'answers': ['Novelist']}
{'index': 3250, 'ansNum': 1, 'wrAnsRatio': 1.0, 'wrongAnsNum': 1, 'answers': ['Aims Community College']}
{'index': 3279, 'ansNum': 1, 'wrAnsRatio': 1.0, 'wrongAnsNum': 1, 'answers': ['Rooney family']}
{'index': 3281, 'ansNum': 1, 'wrAnsRatio': 1.0, 'wrongAnsNum': 1, 'answers': ['Him/Herself']}
{'index': 3290, 'ansNum': 1, 'wrAnsRatio': 1.0, 'wrongAnsNum': 1, 'answers': ['John Kerry presidential campaign, 2004']}
{'index': 3295, 'ansNum': 1, 'wrAnsRatio': 1.0, 'wrongAnsNum': 1, 'answers': ['20057']}
{'index': 3299, 'ansNum': 1, 'wrAnsRatio': 1.0, 'wrongAnsNum': 1, 'answers': ['Afro-Guyanese']}
{'index': 3313, 'ansNum': 1, 'wrAnsRatio': 1.0, 'wrongAnsNum': 1, 'answers': ['Rheumatic fever']}
{'index': 3353, 'ansNum': 1, 'wrAnsRatio': 1.0, 'wrongAnsNum': 1, 'answers': ['Montclair College Preparatory School']}
{'index': 3373, 'ansNum': 1, 'wrAnsRatio': 1.0, 'wrongAnsNum': 1, 'answers': ["Brian O'Conner"]}
{'index': 3412, 'ansNum': 1, 'wrAnsRatio': 1.0, 'wrongAnsNum': 1, 'answers': ['United States Representative']}
{'index': 3469, 'ansNum': 1, 'wrAnsRatio': 1.0, 'wrongAnsNum': 1, 'answers': ['Member of Congress']}
{'index': 3530, 'ansNum': 1, 'wrAnsRatio': 1.0, 'wrongAnsNum': 1, 'answers': ['Acral lentiginous melanoma']}
{'index': 3556, 'ansNum': 1, 'wrAnsRatio': 1.0, 'wrongAnsNum': 1, 'answers': ['Heroin overdose']}
{'index': 3583, 'ansNum': 1, 'wrAnsRatio': 1.0, 'wrongAnsNum': 1, 'answers': ['Mitt Romney presidential campaign, 2008']}
{'index': 3584, 'ansNum': 1, 'wrAnsRatio': 1.0, 'wrongAnsNum': 1, 'answers': ['Christine Teigen']}
{'index': 3589, 'ansNum': 1, 'wrAnsRatio': 1.0, 'wrongAnsNum': 1, 'answers': ['Helix High School']}
{'index': 3590, 'ansNum': 1, 'wrAnsRatio': 1.0, 'wrongAnsNum': 1, 'answers': ['Giza Plateau']}
{'index': 3602, 'ansNum': 1, 'wrAnsRatio': 1.0, 'wrongAnsNum': 1, 'answers': ['Heroin overdose']}
{'index': 3604, 'ansNum': 1, 'wrAnsRatio': 1.0, 'wrongAnsNum': 1, 'answers': ['Petersburg High School']}
{'index': 3605, 'ansNum': 1, 'wrAnsRatio': 1.0, 'wrongAnsNum': 1, 'answers': ['Botanist']}
{'index': 3623, 'ansNum': 1, 'wrAnsRatio': 1.0, 'wrongAnsNum': 1, 'answers': ['Overbrook High School']}
{'index': 3631, 'ansNum': 1, 'wrAnsRatio': 1.0, 'wrongAnsNum': 1, 'answers': ['Perth Concert Hall']}
{'index': 3638, 'ansNum': 1, 'wrAnsRatio': 1.0, 'wrongAnsNum': 1, 'answers': ['Ric Pipino']}
{'index': 3664, 'ansNum': 1, 'wrAnsRatio': 1.0, 'wrongAnsNum': 1, 'answers': ['Lawyer']}
{'index': 3683, 'ansNum': 1, 'wrAnsRatio': 1.0, 'wrongAnsNum': 1, 'answers': ['Bill Neukom']}
{'index': 3707, 'ansNum': 1, 'wrAnsRatio': 1.0, 'wrongAnsNum': 1, 'answers': ['Pamphleteer']}
{'index': 3720, 'ansNum': 1, 'wrAnsRatio': 1.0, 'wrongAnsNum': 1, 'answers': ['Roman dictator']}
{'index': 3723, 'ansNum': 1, 'wrAnsRatio': 1.0, 'wrongAnsNum': 1, 'answers': ["Aurore Giscard d'Estaing"]}
{'index': 3732, 'ansNum': 1, 'wrAnsRatio': 1.0, 'wrongAnsNum': 1, 'answers': ['Legislative assistant']}
{'index': 3748, 'ansNum': 1, 'wrAnsRatio': 1.0, 'wrongAnsNum': 1, 'answers': ['Federal government of Mexico']}
{'index': 3775, 'ansNum': 1, 'wrAnsRatio': 1.0, 'wrongAnsNum': 1, 'answers': ['Allies of World War II']}
